[14Oct2024 00:00:05.399] [main/INFO] [com.mojang.authlib.yggdrasil.YggdrasilAuthenticationService/]: Environment: authHost='https://authserver.mojang.com', accountsHost='https://api.mojang.com', sessionHost='https://sessionserver.mojang.com', servicesHost='https://api.minecraftservices.com', name='PROD'
[14Oct2024 00:00:05.846] [main/WARN] [net.minecraftforge.registries.ForgeRegistry/REGISTRIES]: Registry minecraft:block: Object did not get ID it asked for. Name: farmersdelight:stove Expected: 1003 Got: 2371
[14Oct2024 00:00:05.846] [main/WARN] [net.minecraftforge.registries.ForgeRegistry/REGISTRIES]: Registry minecraft:block: Object did not get ID it asked for. Name: farmersdelight:cooking_pot Expected: 1004 Got: 2372
[14Oct2024 00:00:05.847] [main/WARN] [net.minecraftforge.registries.ForgeRegistry/REGISTRIES]: Registry minecraft:block: Object did not get ID it asked for. Name: farmersdelight:skillet Expected: 1005 Got: 2373
[14Oct2024 00:00:05.847] [main/WARN] [net.minecraftforge.registries.ForgeRegistry/REGISTRIES]: Registry minecraft:block: Object did not get ID it asked for. Name: farmersdelight:basket Expected: 1006 Got: 2374
[14Oct2024 00:00:05.848] [main/WARN] [net.minecraftforge.registries.ForgeRegistry/REGISTRIES]: Registry minecraft:block: Object did not get ID it asked for. Name: farmersdelight:cutting_board Expected: 1007 Got: 2375
[14Oct2024 00:00:05.849] [main/WARN] [net.minecraftforge.registries.ForgeRegistry/REGISTRIES]: Registry minecraft:block: Object did not get ID it asked for. Name: farmersdelight:carrot_crate Expected: 1008 Got: 2376
[14Oct2024 00:00:05.850] [main/WARN] [net.minecraftforge.registries.ForgeRegistry/REGISTRIES]: Registry minecraft:block: Object did not get ID it asked for. Name: farmersdelight:potato_crate Expected: 1009 Got: 2377
[14Oct2024 00:00:05.850] [main/WARN] [net.minecraftforge.registries.ForgeRegistry/REGISTRIES]: Registry minecraft:block: Object did not get ID it asked for. Name: farmersdelight:beetroot_crate Expected: 1010 Got: 2378
[14Oct2024 00:00:05.851] [main/WARN] [net.minecraftforge.registries.ForgeRegistry/REGISTRIES]: Registry minecraft:block: Object did not get ID it asked for. Name: farmersdelight:cabbage_crate Expected: 1011 Got: 2379
[14Oct2024 00:00:05.852] [main/WARN] [net.minecraftforge.registries.ForgeRegistry/REGISTRIES]: Registry minecraft:block: Object did not get ID it asked for. Name: farmersdelight:tomato_crate Expected: 1012 Got: 2380
[14Oct2024 00:00:05.852] [main/WARN] [net.minecraftforge.registries.ForgeRegistry/REGISTRIES]: Registry minecraft:block: Object did not get ID it asked for. Name: farmersdelight:onion_crate Expected: 1013 Got: 2381
[14Oct2024 00:00:05.853] [main/WARN] [net.minecraftforge.registries.ForgeRegistry/REGISTRIES]: Registry minecraft:block: Object did not get ID it asked for. Name: farmersdelight:rice_bale Expected: 1014 Got: 2382
[14Oct2024 00:00:05.853] [main/WARN] [net.minecraftforge.registries.ForgeRegistry/REGISTRIES]: Registry minecraft:block: Object did not get ID it asked for. Name: farmersdelight:rice_bag Expected: 1015 Got: 2383
[14Oct2024 00:00:05.854] [main/WARN] [net.minecraftforge.registries.ForgeRegistry/REGISTRIES]: Registry minecraft:block: Object did not get ID it asked for. Name: farmersdelight:straw_bale Expected: 1016 Got: 2384
[14Oct2024 00:00:05.855] [main/WARN] [net.minecraftforge.registries.ForgeRegistry/REGISTRIES]: Registry minecraft:block: Object did not get ID it asked for. Name: farmersdelight:rope Expected: 1017 Got: 2385
[14Oct2024 00:00:05.856] [main/WARN] [net.minecraftforge.registries.ForgeRegistry/REGISTRIES]: Registry minecraft:block: Object did not get ID it asked for. Name: farmersdelight:safety_net Expected: 1018 Got: 2386
[14Oct2024 00:00:05.857] [main/WARN] [net.minecraftforge.registries.ForgeRegistry/REGISTRIES]: Registry minecraft:block: Object did not get ID it asked for. Name: farmersdelight:oak_cabinet Expected: 1019 Got: 2387
[14Oct2024 00:00:05.857] [main/WARN] [net.minecraftforge.registries.ForgeRegistry/REGISTRIES]: Registry minecraft:block: Object did not get ID it asked for. Name: farmersdelight:spruce_cabinet Expected: 1020 Got: 2388
[14Oct2024 00:00:05.857] [main/WARN] [net.minecraftforge.registries.ForgeRegistry/REGISTRIES]: Registry minecraft:block: Object did not get ID it asked for. Name: farmersdelight:birch_cabinet Expected: 1021 Got: 2389
[14Oct2024 00:00:05.858] [main/WARN] [net.minecraftforge.registries.ForgeRegistry/REGISTRIES]: Registry minecraft:block: Object did not get ID it asked for. Name: farmersdelight:jungle_cabinet Expected: 1022 Got: 2390
[14Oct2024 00:00:05.858] [main/WARN] [net.minecraftforge.registries.ForgeRegistry/REGISTRIES]: Registry minecraft:block: Object did not get ID it asked for. Name: farmersdelight:acacia_cabinet Expected: 1023 Got: 2391
[14Oct2024 00:00:05.858] [main/WARN] [net.minecraftforge.registries.ForgeRegistry/REGISTRIES]: Registry minecraft:block: Object did not get ID it asked for. Name: farmersdelight:dark_oak_cabinet Expected: 1024 Got: 2392
[14Oct2024 00:00:05.859] [main/WARN] [net.minecraftforge.registries.ForgeRegistry/REGISTRIES]: Registry minecraft:block: Object did not get ID it asked for. Name: farmersdelight:mangrove_cabinet Expected: 1025 Got: 2393
[14Oct2024 00:00:05.859] [main/WARN] [net.minecraftforge.registries.ForgeRegistry/REGISTRIES]: Registry minecraft:block: Object did not get ID it asked for. Name: farmersdelight:cherry_cabinet Expected: 1026 Got: 2394
[14Oct2024 00:00:05.859] [main/WARN] [net.minecraftforge.registries.ForgeRegistry/REGISTRIES]: Registry minecraft:block: Object did not get ID it asked for. Name: farmersdelight:bamboo_cabinet Expected: 1027 Got: 2395
[14Oct2024 00:00:05.860] [main/WARN] [net.minecraftforge.registries.ForgeRegistry/REGISTRIES]: Registry minecraft:block: Object did not get ID it asked for. Name: farmersdelight:crimson_cabinet Expected: 1028 Got: 2396
[14Oct2024 00:00:05.860] [main/WARN] [net.minecraftforge.registries.ForgeRegistry/REGISTRIES]: Registry minecraft:block: Object did not get ID it asked for. Name: farmersdelight:warped_cabinet Expected: 1029 Got: 2397
[14Oct2024 00:00:05.860] [main/WARN] [net.minecraftforge.registries.ForgeRegistry/REGISTRIES]: Registry minecraft:block: Object did not get ID it asked for. Name: farmersdelight:canvas_rug Expected: 1030 Got: 2398
[14Oct2024 00:00:05.861] [main/WARN] [net.minecraftforge.registries.ForgeRegistry/REGISTRIES]: Registry minecraft:block: Object did not get ID it asked for. Name: farmersdelight:tatami Expected: 1031 Got: 2399
[14Oct2024 00:00:05.861] [main/WARN] [net.minecraftforge.registries.ForgeRegistry/REGISTRIES]: Registry minecraft:block: Object did not get ID it asked for. Name: farmersdelight:full_tatami_mat Expected: 1032 Got: 2400
[14Oct2024 00:00:05.862] [main/WARN] [net.minecraftforge.registries.ForgeRegistry/REGISTRIES]: Registry minecraft:block: Object did not get ID it asked for. Name: farmersdelight:half_tatami_mat Expected: 1033 Got: 2401
[14Oct2024 00:00:05.862] [main/WARN] [net.minecraftforge.registries.ForgeRegistry/REGISTRIES]: Registry minecraft:block: Object did not get ID it asked for. Name: farmersdelight:canvas_sign Expected: 1034 Got: 2402
[14Oct2024 00:00:05.863] [main/WARN] [net.minecraftforge.registries.ForgeRegistry/REGISTRIES]: Registry minecraft:block: Object did not get ID it asked for. Name: farmersdelight:white_canvas_sign Expected: 1035 Got: 2403
[14Oct2024 00:00:05.863] [main/WARN] [net.minecraftforge.registries.ForgeRegistry/REGISTRIES]: Registry minecraft:block: Object did not get ID it asked for. Name: farmersdelight:orange_canvas_sign Expected: 1036 Got: 2404
[14Oct2024 00:00:05.864] [main/WARN] [net.minecraftforge.registries.ForgeRegistry/REGISTRIES]: Registry minecraft:block: Object did not get ID it asked for. Name: farmersdelight:magenta_canvas_sign Expected: 1037 Got: 2405
[14Oct2024 00:00:05.864] [main/WARN] [net.minecraftforge.registries.ForgeRegistry/REGISTRIES]: Registry minecraft:block: Object did not get ID it asked for. Name: farmersdelight:light_blue_canvas_sign Expected: 1038 Got: 2406
[14Oct2024 00:00:05.864] [main/WARN] [net.minecraftforge.registries.ForgeRegistry/REGISTRIES]: Registry minecraft:block: Object did not get ID it asked for. Name: farmersdelight:yellow_canvas_sign Expected: 1039 Got: 2407
[14Oct2024 00:00:05.865] [main/WARN] [net.minecraftforge.registries.ForgeRegistry/REGISTRIES]: Registry minecraft:block: Object did not get ID it asked for. Name: farmersdelight:lime_canvas_sign Expected: 1040 Got: 2408
[14Oct2024 00:00:05.865] [main/WARN] [net.minecraftforge.registries.ForgeRegistry/REGISTRIES]: Registry minecraft:block: Object did not get ID it asked for. Name: farmersdelight:pink_canvas_sign Expected: 1041 Got: 2409
[14Oct2024 00:00:05.865] [main/WARN] [net.minecraftforge.registries.ForgeRegistry/REGISTRIES]: Registry minecraft:block: Object did not get ID it asked for. Name: farmersdelight:gray_canvas_sign Expected: 1042 Got: 2410
[14Oct2024 00:00:05.865] [main/WARN] [net.minecraftforge.registries.ForgeRegistry/REGISTRIES]: Registry minecraft:block: Object did not get ID it asked for. Name: farmersdelight:light_gray_canvas_sign Expected: 1043 Got: 2411
[14Oct2024 00:00:05.866] [main/WARN] [net.minecraftforge.registries.ForgeRegistry/REGISTRIES]: Registry minecraft:block: Object did not get ID it asked for. Name: farmersdelight:cyan_canvas_sign Expected: 1044 Got: 2412
[14Oct2024 00:00:05.866] [main/WARN] [net.minecraftforge.registries.ForgeRegistry/REGISTRIES]: Registry minecraft:block: Object did not get ID it asked for. Name: farmersdelight:purple_canvas_sign Expected: 1045 Got: 2413
[14Oct2024 00:00:05.867] [main/WARN] [net.minecraftforge.registries.ForgeRegistry/REGISTRIES]: Registry minecraft:block: Object did not get ID it asked for. Name: farmersdelight:blue_canvas_sign Expected: 1046 Got: 2414
[14Oct2024 00:00:05.867] [main/WARN] [net.minecraftforge.registries.ForgeRegistry/REGISTRIES]: Registry minecraft:block: Object did not get ID it asked for. Name: farmersdelight:brown_canvas_sign Expected: 1047 Got: 2415
[14Oct2024 00:00:05.867] [main/WARN] [net.minecraftforge.registries.ForgeRegistry/REGISTRIES]: Registry minecraft:block: Object did not get ID it asked for. Name: farmersdelight:green_canvas_sign Expected: 1048 Got: 2416
[14Oct2024 00:00:05.867] [main/WARN] [net.minecraftforge.registries.ForgeRegistry/REGISTRIES]: Registry minecraft:block: Object did not get ID it asked for. Name: farmersdelight:red_canvas_sign Expected: 1049 Got: 2417
[14Oct2024 00:00:05.868] [main/WARN] [net.minecraftforge.registries.ForgeRegistry/REGISTRIES]: Registry minecraft:block: Object did not get ID it asked for. Name: farmersdelight:black_canvas_sign Expected: 1050 Got: 2418
[14Oct2024 00:00:05.868] [main/WARN] [net.minecraftforge.registries.ForgeRegistry/REGISTRIES]: Registry minecraft:block: Object did not get ID it asked for. Name: farmersdelight:canvas_wall_sign Expected: 1051 Got: 2419
[14Oct2024 00:00:05.868] [main/WARN] [net.minecraftforge.registries.ForgeRegistry/REGISTRIES]: Registry minecraft:block: Object did not get ID it asked for. Name: farmersdelight:white_canvas_wall_sign Expected: 1052 Got: 2420
[14Oct2024 00:00:05.869] [main/WARN] [net.minecraftforge.registries.ForgeRegistry/REGISTRIES]: Registry minecraft:block: Object did not get ID it asked for. Name: farmersdelight:orange_canvas_wall_sign Expected: 1053 Got: 2421
[14Oct2024 00:00:05.869] [main/WARN] [net.minecraftforge.registries.ForgeRegistry/REGISTRIES]: Registry minecraft:block: Object did not get ID it asked for. Name: farmersdelight:magenta_canvas_wall_sign Expected: 1054 Got: 2422
[14Oct2024 00:00:05.870] [main/WARN] [net.minecraftforge.registries.ForgeRegistry/REGISTRIES]: Registry minecraft:block: Object did not get ID it asked for. Name: farmersdelight:light_blue_canvas_wall_sign Expected: 1055 Got: 2423
[14Oct2024 00:00:05.870] [main/WARN] [net.minecraftforge.registries.ForgeRegistry/REGISTRIES]: Registry minecraft:block: Object did not get ID it asked for. Name: farmersdelight:yellow_canvas_wall_sign Expected: 1056 Got: 2424
[14Oct2024 00:00:05.871] [main/WARN] [net.minecraftforge.registries.ForgeRegistry/REGISTRIES]: Registry minecraft:block: Object did not get ID it asked for. Name: farmersdelight:lime_canvas_wall_sign Expected: 1057 Got: 2425
[14Oct2024 00:00:05.871] [main/WARN] [net.minecraftforge.registries.ForgeRegistry/REGISTRIES]: Registry minecraft:block: Object did not get ID it asked for. Name: farmersdelight:pink_canvas_wall_sign Expected: 1058 Got: 2426
[14Oct2024 00:00:05.871] [main/WARN] [net.minecraftforge.registries.ForgeRegistry/REGISTRIES]: Registry minecraft:block: Object did not get ID it asked for. Name: farmersdelight:gray_canvas_wall_sign Expected: 1059 Got: 2427
[14Oct2024 00:00:05.872] [main/WARN] [net.minecraftforge.registries.ForgeRegistry/REGISTRIES]: Registry minecraft:block: Object did not get ID it asked for. Name: farmersdelight:light_gray_canvas_wall_sign Expected: 1060 Got: 2428
[14Oct2024 00:00:05.873] [main/WARN] [net.minecraftforge.registries.ForgeRegistry/REGISTRIES]: Registry minecraft:block: Object did not get ID it asked for. Name: farmersdelight:cyan_canvas_wall_sign Expected: 1061 Got: 2429
[14Oct2024 00:00:05.873] [main/WARN] [net.minecraftforge.registries.ForgeRegistry/REGISTRIES]: Registry minecraft:block: Object did not get ID it asked for. Name: farmersdelight:purple_canvas_wall_sign Expected: 1062 Got: 2430
[14Oct2024 00:00:05.874] [main/WARN] [net.minecraftforge.registries.ForgeRegistry/REGISTRIES]: Registry minecraft:block: Object did not get ID it asked for. Name: farmersdelight:blue_canvas_wall_sign Expected: 1063 Got: 2431
[14Oct2024 00:00:05.874] [main/WARN] [net.minecraftforge.registries.ForgeRegistry/REGISTRIES]: Registry minecraft:block: Object did not get ID it asked for. Name: farmersdelight:brown_canvas_wall_sign Expected: 1064 Got: 2432
[14Oct2024 00:00:05.874] [main/WARN] [net.minecraftforge.registries.ForgeRegistry/REGISTRIES]: Registry minecraft:block: Object did not get ID it asked for. Name: farmersdelight:green_canvas_wall_sign Expected: 1065 Got: 2433
[14Oct2024 00:00:05.875] [main/WARN] [net.minecraftforge.registries.ForgeRegistry/REGISTRIES]: Registry minecraft:block: Object did not get ID it asked for. Name: farmersdelight:red_canvas_wall_sign Expected: 1066 Got: 2434
[14Oct2024 00:00:05.875] [main/WARN] [net.minecraftforge.registries.ForgeRegistry/REGISTRIES]: Registry minecraft:block: Object did not get ID it asked for. Name: farmersdelight:black_canvas_wall_sign Expected: 1067 Got: 2435
[14Oct2024 00:00:05.876] [main/WARN] [net.minecraftforge.registries.ForgeRegistry/REGISTRIES]: Registry minecraft:block: Object did not get ID it asked for. Name: farmersdelight:hanging_canvas_sign Expected: 1068 Got: 2436
[14Oct2024 00:00:05.876] [main/WARN] [net.minecraftforge.registries.ForgeRegistry/REGISTRIES]: Registry minecraft:block: Object did not get ID it asked for. Name: farmersdelight:white_hanging_canvas_sign Expected: 1069 Got: 2437
[14Oct2024 00:00:05.876] [main/WARN] [net.minecraftforge.registries.ForgeRegistry/REGISTRIES]: Registry minecraft:block: Object did not get ID it asked for. Name: farmersdelight:orange_hanging_canvas_sign Expected: 1070 Got: 2438
[14Oct2024 00:00:05.877] [main/WARN] [net.minecraftforge.registries.ForgeRegistry/REGISTRIES]: Registry minecraft:block: Object did not get ID it asked for. Name: farmersdelight:magenta_hanging_canvas_sign Expected: 1071 Got: 2439
[14Oct2024 00:00:05.877] [main/WARN] [net.minecraftforge.registries.ForgeRegistry/REGISTRIES]: Registry minecraft:block: Object did not get ID it asked for. Name: farmersdelight:light_blue_hanging_canvas_sign Expected: 1072 Got: 2440
[14Oct2024 00:00:05.878] [main/WARN] [net.minecraftforge.registries.ForgeRegistry/REGISTRIES]: Registry minecraft:block: Object did not get ID it asked for. Name: farmersdelight:yellow_hanging_canvas_sign Expected: 1073 Got: 2441
[14Oct2024 00:00:05.878] [main/WARN] [net.minecraftforge.registries.ForgeRegistry/REGISTRIES]: Registry minecraft:block: Object did not get ID it asked for. Name: farmersdelight:lime_hanging_canvas_sign Expected: 1074 Got: 2442
[14Oct2024 00:00:05.879] [main/WARN] [net.minecraftforge.registries.ForgeRegistry/REGISTRIES]: Registry minecraft:block: Object did not get ID it asked for. Name: farmersdelight:pink_hanging_canvas_sign Expected: 1075 Got: 2443
[14Oct2024 00:00:05.879] [main/WARN] [net.minecraftforge.registries.ForgeRegistry/REGISTRIES]: Registry minecraft:block: Object did not get ID it asked for. Name: farmersdelight:gray_hanging_canvas_sign Expected: 1076 Got: 2444
[14Oct2024 00:00:05.880] [main/WARN] [net.minecraftforge.registries.ForgeRegistry/REGISTRIES]: Registry minecraft:block: Object did not get ID it asked for. Name: farmersdelight:light_gray_hanging_canvas_sign Expected: 1077 Got: 2445
[14Oct2024 00:00:05.880] [main/WARN] [net.minecraftforge.registries.ForgeRegistry/REGISTRIES]: Registry minecraft:block: Object did not get ID it asked for. Name: farmersdelight:cyan_hanging_canvas_sign Expected: 1078 Got: 2446
[14Oct2024 00:00:05.880] [main/WARN] [net.minecraftforge.registries.ForgeRegistry/REGISTRIES]: Registry minecraft:block: Object did not get ID it asked for. Name: farmersdelight:purple_hanging_canvas_sign Expected: 1079 Got: 2447
[14Oct2024 00:00:05.881] [main/WARN] [net.minecraftforge.registries.ForgeRegistry/REGISTRIES]: Registry minecraft:block: Object did not get ID it asked for. Name: farmersdelight:blue_hanging_canvas_sign Expected: 1080 Got: 2448
[14Oct2024 00:00:05.881] [main/WARN] [net.minecraftforge.registries.ForgeRegistry/REGISTRIES]: Registry minecraft:block: Object did not get ID it asked for. Name: farmersdelight:brown_hanging_canvas_sign Expected: 1081 Got: 2449
[14Oct2024 00:00:05.882] [main/WARN] [net.minecraftforge.registries.ForgeRegistry/REGISTRIES]: Registry minecraft:block: Object did not get ID it asked for. Name: farmersdelight:green_hanging_canvas_sign Expected: 1082 Got: 2450
[14Oct2024 00:00:05.882] [main/WARN] [net.minecraftforge.registries.ForgeRegistry/REGISTRIES]: Registry minecraft:block: Object did not get ID it asked for. Name: farmersdelight:red_hanging_canvas_sign Expected: 1083 Got: 2451
[14Oct2024 00:00:05.882] [main/WARN] [net.minecraftforge.registries.ForgeRegistry/REGISTRIES]: Registry minecraft:block: Object did not get ID it asked for. Name: farmersdelight:black_hanging_canvas_sign Expected: 1084 Got: 2452
[14Oct2024 00:00:05.883] [main/WARN] [net.minecraftforge.registries.ForgeRegistry/REGISTRIES]: Registry minecraft:block: Object did not get ID it asked for. Name: farmersdelight:wall_hanging_canvas_sign Expected: 1085 Got: 2453
[14Oct2024 00:00:05.883] [main/WARN] [net.minecraftforge.registries.ForgeRegistry/REGISTRIES]: Registry minecraft:block: Object did not get ID it asked for. Name: farmersdelight:white_wall_hanging_canvas_sign Expected: 1086 Got: 2454
[14Oct2024 00:00:05.883] [main/WARN] [net.minecraftforge.registries.ForgeRegistry/REGISTRIES]: Registry minecraft:block: Object did not get ID it asked for. Name: farmersdelight:orange_wall_hanging_canvas_sign Expected: 1087 Got: 2455
[14Oct2024 00:00:05.884] [main/WARN] [net.minecraftforge.registries.ForgeRegistry/REGISTRIES]: Registry minecraft:block: Object did not get ID it asked for. Name: farmersdelight:magenta_wall_hanging_canvas_sign Expected: 1088 Got: 2456
[14Oct2024 00:00:05.884] [main/WARN] [net.minecraftforge.registries.ForgeRegistry/REGISTRIES]: Registry minecraft:block: Object did not get ID it asked for. Name: farmersdelight:light_blue_wall_hanging_canvas_sign Expected: 1089 Got: 2457
[14Oct2024 00:00:05.884] [main/WARN] [net.minecraftforge.registries.ForgeRegistry/REGISTRIES]: Registry minecraft:block: Object did not get ID it asked for. Name: farmersdelight:yellow_wall_hanging_canvas_sign Expected: 1090 Got: 2458
[14Oct2024 00:00:05.884] [main/WARN] [net.minecraftforge.registries.ForgeRegistry/REGISTRIES]: Registry minecraft:block: Object did not get ID it asked for. Name: farmersdelight:lime_wall_hanging_canvas_sign Expected: 1091 Got: 2459
[14Oct2024 00:00:05.885] [main/WARN] [net.minecraftforge.registries.ForgeRegistry/REGISTRIES]: Registry minecraft:block: Object did not get ID it asked for. Name: farmersdelight:pink_wall_hanging_canvas_sign Expected: 1092 Got: 2460
[14Oct2024 00:00:05.885] [main/WARN] [net.minecraftforge.registries.ForgeRegistry/REGISTRIES]: Registry minecraft:block: Object did not get ID it asked for. Name: farmersdelight:gray_wall_hanging_canvas_sign Expected: 1093 Got: 2461
[14Oct2024 00:00:05.885] [main/WARN] [net.minecraftforge.registries.ForgeRegistry/REGISTRIES]: Registry minecraft:block: Object did not get ID it asked for. Name: farmersdelight:light_gray_wall_hanging_canvas_sign Expected: 1094 Got: 2462
[14Oct2024 00:00:05.885] [main/WARN] [net.minecraftforge.registries.ForgeRegistry/REGISTRIES]: Registry minecraft:block: Object did not get ID it asked for. Name: farmersdelight:cyan_wall_hanging_canvas_sign Expected: 1095 Got: 2463
[14Oct2024 00:00:05.886] [main/WARN] [net.minecraftforge.registries.ForgeRegistry/REGISTRIES]: Registry minecraft:block: Object did not get ID it asked for. Name: farmersdelight:purple_wall_hanging_canvas_sign Expected: 1096 Got: 2464
[14Oct2024 00:00:05.886] [main/WARN] [net.minecraftforge.registries.ForgeRegistry/REGISTRIES]: Registry minecraft:block: Object did not get ID it asked for. Name: farmersdelight:blue_wall_hanging_canvas_sign Expected: 1097 Got: 2465
[14Oct2024 00:00:05.886] [main/WARN] [net.minecraftforge.registries.ForgeRegistry/REGISTRIES]: Registry minecraft:block: Object did not get ID it asked for. Name: farmersdelight:brown_wall_hanging_canvas_sign Expected: 1098 Got: 2466
[14Oct2024 00:00:05.886] [main/WARN] [net.minecraftforge.registries.ForgeRegistry/REGISTRIES]: Registry minecraft:block: Object did not get ID it asked for. Name: farmersdelight:green_wall_hanging_canvas_sign Expected: 1099 Got: 2467
[14Oct2024 00:00:05.887] [main/WARN] [net.minecraftforge.registries.ForgeRegistry/REGISTRIES]: Registry minecraft:block: Object did not get ID it asked for. Name: farmersdelight:red_wall_hanging_canvas_sign Expected: 1100 Got: 2468
[14Oct2024 00:00:05.887] [main/WARN] [net.minecraftforge.registries.ForgeRegistry/REGISTRIES]: Registry minecraft:block: Object did not get ID it asked for. Name: farmersdelight:black_wall_hanging_canvas_sign Expected: 1101 Got: 2469
[14Oct2024 00:00:05.887] [main/WARN] [net.minecraftforge.registries.ForgeRegistry/REGISTRIES]: Registry minecraft:block: Object did not get ID it asked for. Name: farmersdelight:brown_mushroom_colony Expected: 1102 Got: 2470
[14Oct2024 00:00:05.887] [main/WARN] [net.minecraftforge.registries.ForgeRegistry/REGISTRIES]: Registry minecraft:block: Object did not get ID it asked for. Name: farmersdelight:red_mushroom_colony Expected: 1103 Got: 2471
[14Oct2024 00:00:05.887] [main/WARN] [net.minecraftforge.registries.ForgeRegistry/REGISTRIES]: Registry minecraft:block: Object did not get ID it asked for. Name: farmersdelight:organic_compost Expected: 1104 Got: 2472
[14Oct2024 00:00:05.888] [main/WARN] [net.minecraftforge.registries.ForgeRegistry/REGISTRIES]: Registry minecraft:block: Object did not get ID it asked for. Name: farmersdelight:rich_soil Expected: 1105 Got: 2473
[14Oct2024 00:00:05.888] [main/WARN] [net.minecraftforge.registries.ForgeRegistry/REGISTRIES]: Registry minecraft:block: Object did not get ID it asked for. Name: farmersdelight:rich_soil_farmland Expected: 1106 Got: 2474
[14Oct2024 00:00:05.888] [main/WARN] [net.minecraftforge.registries.ForgeRegistry/REGISTRIES]: Registry minecraft:block: Object did not get ID it asked for. Name: farmersdelight:apple_pie Expected: 1107 Got: 2475
[14Oct2024 00:00:05.888] [main/WARN] [net.minecraftforge.registries.ForgeRegistry/REGISTRIES]: Registry minecraft:block: Object did not get ID it asked for. Name: farmersdelight:sweet_berry_cheesecake Expected: 1108 Got: 2476
[14Oct2024 00:00:05.889] [main/WARN] [net.minecraftforge.registries.ForgeRegistry/REGISTRIES]: Registry minecraft:block: Object did not get ID it asked for. Name: farmersdelight:chocolate_pie Expected: 1109 Got: 2477
[14Oct2024 00:00:05.889] [main/WARN] [net.minecraftforge.registries.ForgeRegistry/REGISTRIES]: Registry minecraft:block: Object did not get ID it asked for. Name: farmersdelight:sandy_shrub Expected: 1110 Got: 2478
[14Oct2024 00:00:05.889] [main/WARN] [net.minecraftforge.registries.ForgeRegistry/REGISTRIES]: Registry minecraft:block: Object did not get ID it asked for. Name: farmersdelight:wild_cabbages Expected: 1111 Got: 2479
[14Oct2024 00:00:05.889] [main/WARN] [net.minecraftforge.registries.ForgeRegistry/REGISTRIES]: Registry minecraft:block: Object did not get ID it asked for. Name: farmersdelight:wild_onions Expected: 1112 Got: 2480
[14Oct2024 00:00:05.889] [main/WARN] [net.minecraftforge.registries.ForgeRegistry/REGISTRIES]: Registry minecraft:block: Object did not get ID it asked for. Name: farmersdelight:wild_tomatoes Expected: 1113 Got: 2481
[14Oct2024 00:00:05.890] [main/WARN] [net.minecraftforge.registries.ForgeRegistry/REGISTRIES]: Registry minecraft:block: Object did not get ID it asked for. Name: farmersdelight:wild_carrots Expected: 1114 Got: 2482
[14Oct2024 00:00:05.890] [main/WARN] [net.minecraftforge.registries.ForgeRegistry/REGISTRIES]: Registry minecraft:block: Object did not get ID it asked for. Name: farmersdelight:wild_potatoes Expected: 1115 Got: 2483
[14Oct2024 00:00:05.890] [main/WARN] [net.minecraftforge.registries.ForgeRegistry/REGISTRIES]: Registry minecraft:block: Object did not get ID it asked for. Name: farmersdelight:wild_beetroots Expected: 1116 Got: 2484
[14Oct2024 00:00:05.890] [main/WARN] [net.minecraftforge.registries.ForgeRegistry/REGISTRIES]: Registry minecraft:block: Object did not get ID it asked for. Name: farmersdelight:wild_rice Expected: 1117 Got: 2485
[14Oct2024 00:00:05.890] [main/WARN] [net.minecraftforge.registries.ForgeRegistry/REGISTRIES]: Registry minecraft:block: Object did not get ID it asked for. Name: farmersdelight:cabbages Expected: 1118 Got: 2486
[14Oct2024 00:00:05.891] [main/WARN] [net.minecraftforge.registries.ForgeRegistry/REGISTRIES]: Registry minecraft:block: Object did not get ID it asked for. Name: farmersdelight:onions Expected: 1119 Got: 2487
[14Oct2024 00:00:05.891] [main/WARN] [net.minecraftforge.registries.ForgeRegistry/REGISTRIES]: Registry minecraft:block: Object did not get ID it asked for. Name: farmersdelight:budding_tomatoes Expected: 1120 Got: 2488
[14Oct2024 00:00:05.891] [main/WARN] [net.minecraftforge.registries.ForgeRegistry/REGISTRIES]: Registry minecraft:block: Object did not get ID it asked for. Name: farmersdelight:tomatoes Expected: 1121 Got: 2489
[14Oct2024 00:00:05.891] [main/WARN] [net.minecraftforge.registries.ForgeRegistry/REGISTRIES]: Registry minecraft:block: Object did not get ID it asked for. Name: farmersdelight:rice Expected: 1122 Got: 2490
[14Oct2024 00:00:05.891] [main/WARN] [net.minecraftforge.registries.ForgeRegistry/REGISTRIES]: Registry minecraft:block: Object did not get ID it asked for. Name: farmersdelight:rice_panicles Expected: 1123 Got: 2491
[14Oct2024 00:00:05.891] [main/WARN] [net.minecraftforge.registries.ForgeRegistry/REGISTRIES]: Registry minecraft:block: Object did not get ID it asked for. Name: farmersdelight:roast_chicken_block Expected: 1124 Got: 2492
[14Oct2024 00:00:05.892] [main/WARN] [net.minecraftforge.registries.ForgeRegistry/REGISTRIES]: Registry minecraft:block: Object did not get ID it asked for. Name: farmersdelight:stuffed_pumpkin_block Expected: 1125 Got: 2493
[14Oct2024 00:00:05.892] [main/WARN] [net.minecraftforge.registries.ForgeRegistry/REGISTRIES]: Registry minecraft:block: Object did not get ID it asked for. Name: farmersdelight:honey_glazed_ham_block Expected: 1126 Got: 2494
[14Oct2024 00:00:05.892] [main/WARN] [net.minecraftforge.registries.ForgeRegistry/REGISTRIES]: Registry minecraft:block: Object did not get ID it asked for. Name: farmersdelight:shepherds_pie_block Expected: 1127 Got: 2495
[14Oct2024 00:00:05.892] [main/WARN] [net.minecraftforge.registries.ForgeRegistry/REGISTRIES]: Registry minecraft:block: Object did not get ID it asked for. Name: farmersdelight:rice_roll_medley_block Expected: 1128 Got: 2496
[14Oct2024 00:00:05.897] [main/WARN] [net.minecraftforge.registries.ForgeRegistry/REGISTRIES]: Registry minecraft:item: Object did not get ID it asked for. Name: farmersdelight:stove Expected: 1255 Got: 2830
[14Oct2024 00:00:05.898] [main/WARN] [net.minecraftforge.registries.ForgeRegistry/REGISTRIES]: Registry minecraft:item: Object did not get ID it asked for. Name: farmersdelight:cooking_pot Expected: 1256 Got: 2831
[14Oct2024 00:00:05.898] [main/WARN] [net.minecraftforge.registries.ForgeRegistry/REGISTRIES]: Registry minecraft:item: Object did not get ID it asked for. Name: farmersdelight:skillet Expected: 1257 Got: 2832
[14Oct2024 00:00:05.898] [main/WARN] [net.minecraftforge.registries.ForgeRegistry/REGISTRIES]: Registry minecraft:item: Object did not get ID it asked for. Name: farmersdelight:cutting_board Expected: 1258 Got: 2833
[14Oct2024 00:00:05.898] [main/WARN] [net.minecraftforge.registries.ForgeRegistry/REGISTRIES]: Registry minecraft:item: Object did not get ID it asked for. Name: farmersdelight:basket Expected: 1259 Got: 2834
[14Oct2024 00:00:05.898] [main/WARN] [net.minecraftforge.registries.ForgeRegistry/REGISTRIES]: Registry minecraft:item: Object did not get ID it asked for. Name: farmersdelight:carrot_crate Expected: 1260 Got: 2835
[14Oct2024 00:00:05.899] [main/WARN] [net.minecraftforge.registries.ForgeRegistry/REGISTRIES]: Registry minecraft:item: Object did not get ID it asked for. Name: farmersdelight:potato_crate Expected: 1261 Got: 2836
[14Oct2024 00:00:05.899] [main/WARN] [net.minecraftforge.registries.ForgeRegistry/REGISTRIES]: Registry minecraft:item: Object did not get ID it asked for. Name: farmersdelight:beetroot_crate Expected: 1262 Got: 2837
[14Oct2024 00:00:05.899] [main/WARN] [net.minecraftforge.registries.ForgeRegistry/REGISTRIES]: Registry minecraft:item: Object did not get ID it asked for. Name: farmersdelight:cabbage_crate Expected: 1263 Got: 2838
[14Oct2024 00:00:05.899] [main/WARN] [net.minecraftforge.registries.ForgeRegistry/REGISTRIES]: Registry minecraft:item: Object did not get ID it asked for. Name: farmersdelight:tomato_crate Expected: 1264 Got: 2839
[14Oct2024 00:00:05.899] [main/WARN] [net.minecraftforge.registries.ForgeRegistry/REGISTRIES]: Registry minecraft:item: Object did not get ID it asked for. Name: farmersdelight:onion_crate Expected: 1265 Got: 2840
[14Oct2024 00:00:05.900] [main/WARN] [net.minecraftforge.registries.ForgeRegistry/REGISTRIES]: Registry minecraft:item: Object did not get ID it asked for. Name: farmersdelight:rice_bale Expected: 1266 Got: 2841
[14Oct2024 00:00:05.900] [main/WARN] [net.minecraftforge.registries.ForgeRegistry/REGISTRIES]: Registry minecraft:item: Object did not get ID it asked for. Name: farmersdelight:rice_bag Expected: 1267 Got: 2842
[14Oct2024 00:00:05.900] [main/WARN] [net.minecraftforge.registries.ForgeRegistry/REGISTRIES]: Registry minecraft:item: Object did not get ID it asked for. Name: farmersdelight:straw_bale Expected: 1268 Got: 2843
[14Oct2024 00:00:05.900] [main/WARN] [net.minecraftforge.registries.ForgeRegistry/REGISTRIES]: Registry minecraft:item: Object did not get ID it asked for. Name: farmersdelight:safety_net Expected: 1269 Got: 2844
[14Oct2024 00:00:05.901] [main/WARN] [net.minecraftforge.registries.ForgeRegistry/REGISTRIES]: Registry minecraft:item: Object did not get ID it asked for. Name: farmersdelight:oak_cabinet Expected: 1270 Got: 2845
[14Oct2024 00:00:05.901] [main/WARN] [net.minecraftforge.registries.ForgeRegistry/REGISTRIES]: Registry minecraft:item: Object did not get ID it asked for. Name: farmersdelight:spruce_cabinet Expected: 1271 Got: 2846
[14Oct2024 00:00:05.901] [main/WARN] [net.minecraftforge.registries.ForgeRegistry/REGISTRIES]: Registry minecraft:item: Object did not get ID it asked for. Name: farmersdelight:birch_cabinet Expected: 1272 Got: 2847
[14Oct2024 00:00:05.901] [main/WARN] [net.minecraftforge.registries.ForgeRegistry/REGISTRIES]: Registry minecraft:item: Object did not get ID it asked for. Name: farmersdelight:jungle_cabinet Expected: 1273 Got: 2848
[14Oct2024 00:00:05.901] [main/WARN] [net.minecraftforge.registries.ForgeRegistry/REGISTRIES]: Registry minecraft:item: Object did not get ID it asked for. Name: farmersdelight:acacia_cabinet Expected: 1274 Got: 2849
[14Oct2024 00:00:05.902] [main/WARN] [net.minecraftforge.registries.ForgeRegistry/REGISTRIES]: Registry minecraft:item: Object did not get ID it asked for. Name: farmersdelight:dark_oak_cabinet Expected: 1275 Got: 2850
[14Oct2024 00:00:05.902] [main/WARN] [net.minecraftforge.registries.ForgeRegistry/REGISTRIES]: Registry minecraft:item: Object did not get ID it asked for. Name: farmersdelight:mangrove_cabinet Expected: 1276 Got: 2851
[14Oct2024 00:00:05.902] [main/WARN] [net.minecraftforge.registries.ForgeRegistry/REGISTRIES]: Registry minecraft:item: Object did not get ID it asked for. Name: farmersdelight:cherry_cabinet Expected: 1277 Got: 2852
[14Oct2024 00:00:05.902] [main/WARN] [net.minecraftforge.registries.ForgeRegistry/REGISTRIES]: Registry minecraft:item: Object did not get ID it asked for. Name: farmersdelight:bamboo_cabinet Expected: 1278 Got: 2853
[14Oct2024 00:00:05.902] [main/WARN] [net.minecraftforge.registries.ForgeRegistry/REGISTRIES]: Registry minecraft:item: Object did not get ID it asked for. Name: farmersdelight:crimson_cabinet Expected: 1279 Got: 2854
[14Oct2024 00:00:05.903] [main/WARN] [net.minecraftforge.registries.ForgeRegistry/REGISTRIES]: Registry minecraft:item: Object did not get ID it asked for. Name: farmersdelight:warped_cabinet Expected: 1280 Got: 2855
[14Oct2024 00:00:05.903] [main/WARN] [net.minecraftforge.registries.ForgeRegistry/REGISTRIES]: Registry minecraft:item: Object did not get ID it asked for. Name: farmersdelight:tatami Expected: 1281 Got: 2856
[14Oct2024 00:00:05.903] [main/WARN] [net.minecraftforge.registries.ForgeRegistry/REGISTRIES]: Registry minecraft:item: Object did not get ID it asked for. Name: farmersdelight:full_tatami_mat Expected: 1282 Got: 2857
[14Oct2024 00:00:05.903] [main/WARN] [net.minecraftforge.registries.ForgeRegistry/REGISTRIES]: Registry minecraft:item: Object did not get ID it asked for. Name: farmersdelight:half_tatami_mat Expected: 1283 Got: 2858
[14Oct2024 00:00:05.904] [main/WARN] [net.minecraftforge.registries.ForgeRegistry/REGISTRIES]: Registry minecraft:item: Object did not get ID it asked for. Name: farmersdelight:canvas_rug Expected: 1284 Got: 2859
[14Oct2024 00:00:05.904] [main/WARN] [net.minecraftforge.registries.ForgeRegistry/REGISTRIES]: Registry minecraft:item: Object did not get ID it asked for. Name: farmersdelight:organic_compost Expected: 1285 Got: 2860
[14Oct2024 00:00:05.904] [main/WARN] [net.minecraftforge.registries.ForgeRegistry/REGISTRIES]: Registry minecraft:item: Object did not get ID it asked for. Name: farmersdelight:rich_soil Expected: 1286 Got: 2861
[14Oct2024 00:00:05.904] [main/WARN] [net.minecraftforge.registries.ForgeRegistry/REGISTRIES]: Registry minecraft:item: Object did not get ID it asked for. Name: farmersdelight:rich_soil_farmland Expected: 1287 Got: 2862
[14Oct2024 00:00:05.908] [main/WARN] [net.minecraftforge.registries.ForgeRegistry/REGISTRIES]: Registry minecraft:item: Object did not get ID it asked for. Name: farmersdelight:rope Expected: 1288 Got: 2863
[14Oct2024 00:00:05.908] [main/WARN] [net.minecraftforge.registries.ForgeRegistry/REGISTRIES]: Registry minecraft:item: Object did not get ID it asked for. Name: farmersdelight:canvas_sign Expected: 1289 Got: 2864
[14Oct2024 00:00:05.908] [main/WARN] [net.minecraftforge.registries.ForgeRegistry/REGISTRIES]: Registry minecraft:item: Object did not get ID it asked for. Name: farmersdelight:hanging_canvas_sign Expected: 1290 Got: 2865
[14Oct2024 00:00:05.908] [main/WARN] [net.minecraftforge.registries.ForgeRegistry/REGISTRIES]: Registry minecraft:item: Object did not get ID it asked for. Name: farmersdelight:white_canvas_sign Expected: 1291 Got: 2866
[14Oct2024 00:00:05.908] [main/WARN] [net.minecraftforge.registries.ForgeRegistry/REGISTRIES]: Registry minecraft:item: Object did not get ID it asked for. Name: farmersdelight:white_hanging_canvas_sign Expected: 1292 Got: 2867
[14Oct2024 00:00:05.909] [main/WARN] [net.minecraftforge.registries.ForgeRegistry/REGISTRIES]: Registry minecraft:item: Object did not get ID it asked for. Name: farmersdelight:light_gray_canvas_sign Expected: 1293 Got: 2868
[14Oct2024 00:00:05.909] [main/WARN] [net.minecraftforge.registries.ForgeRegistry/REGISTRIES]: Registry minecraft:item: Object did not get ID it asked for. Name: farmersdelight:light_gray_hanging_canvas_sign Expected: 1294 Got: 2869
[14Oct2024 00:00:05.909] [main/WARN] [net.minecraftforge.registries.ForgeRegistry/REGISTRIES]: Registry minecraft:item: Object did not get ID it asked for. Name: farmersdelight:gray_canvas_sign Expected: 1295 Got: 2870
[14Oct2024 00:00:05.909] [main/WARN] [net.minecraftforge.registries.ForgeRegistry/REGISTRIES]: Registry minecraft:item: Object did not get ID it asked for. Name: farmersdelight:gray_hanging_canvas_sign Expected: 1296 Got: 2871
[14Oct2024 00:00:05.909] [main/WARN] [net.minecraftforge.registries.ForgeRegistry/REGISTRIES]: Registry minecraft:item: Object did not get ID it asked for. Name: farmersdelight:black_canvas_sign Expected: 1297 Got: 2872
[14Oct2024 00:00:05.910] [main/WARN] [net.minecraftforge.registries.ForgeRegistry/REGISTRIES]: Registry minecraft:item: Object did not get ID it asked for. Name: farmersdelight:black_hanging_canvas_sign Expected: 1298 Got: 2873
[14Oct2024 00:00:05.910] [main/WARN] [net.minecraftforge.registries.ForgeRegistry/REGISTRIES]: Registry minecraft:item: Object did not get ID it asked for. Name: farmersdelight:brown_canvas_sign Expected: 1299 Got: 2874
[14Oct2024 00:00:05.910] [main/WARN] [net.minecraftforge.registries.ForgeRegistry/REGISTRIES]: Registry minecraft:item: Object did not get ID it asked for. Name: farmersdelight:brown_hanging_canvas_sign Expected: 1300 Got: 2875
[14Oct2024 00:00:05.910] [main/WARN] [net.minecraftforge.registries.ForgeRegistry/REGISTRIES]: Registry minecraft:item: Object did not get ID it asked for. Name: farmersdelight:red_canvas_sign Expected: 1301 Got: 2876
[14Oct2024 00:00:05.910] [main/WARN] [net.minecraftforge.registries.ForgeRegistry/REGISTRIES]: Registry minecraft:item: Object did not get ID it asked for. Name: farmersdelight:red_hanging_canvas_sign Expected: 1302 Got: 2877
[14Oct2024 00:00:05.911] [main/WARN] [net.minecraftforge.registries.ForgeRegistry/REGISTRIES]: Registry minecraft:item: Object did not get ID it asked for. Name: farmersdelight:orange_canvas_sign Expected: 1303 Got: 2878
[14Oct2024 00:00:05.911] [main/WARN] [net.minecraftforge.registries.ForgeRegistry/REGISTRIES]: Registry minecraft:item: Object did not get ID it asked for. Name: farmersdelight:orange_hanging_canvas_sign Expected: 1304 Got: 2879
[14Oct2024 00:00:05.911] [main/WARN] [net.minecraftforge.registries.ForgeRegistry/REGISTRIES]: Registry minecraft:item: Object did not get ID it asked for. Name: farmersdelight:yellow_canvas_sign Expected: 1305 Got: 2880
[14Oct2024 00:00:05.911] [main/WARN] [net.minecraftforge.registries.ForgeRegistry/REGISTRIES]: Registry minecraft:item: Object did not get ID it asked for. Name: farmersdelight:yellow_hanging_canvas_sign Expected: 1306 Got: 2881
[14Oct2024 00:00:05.911] [main/WARN] [net.minecraftforge.registries.ForgeRegistry/REGISTRIES]: Registry minecraft:item: Object did not get ID it asked for. Name: farmersdelight:lime_canvas_sign Expected: 1307 Got: 2882
[14Oct2024 00:00:05.911] [main/WARN] [net.minecraftforge.registries.ForgeRegistry/REGISTRIES]: Registry minecraft:item: Object did not get ID it asked for. Name: farmersdelight:lime_hanging_canvas_sign Expected: 1308 Got: 2883
[14Oct2024 00:00:05.912] [main/WARN] [net.minecraftforge.registries.ForgeRegistry/REGISTRIES]: Registry minecraft:item: Object did not get ID it asked for. Name: farmersdelight:green_canvas_sign Expected: 1309 Got: 2884
[14Oct2024 00:00:05.995] [main/WARN] [net.minecraftforge.registries.ForgeRegistry/REGISTRIES]: Registry minecraft:item: Object did not get ID it asked for. Name: farmersdelight:green_hanging_canvas_sign Expected: 1310 Got: 2885
[14Oct2024 00:00:05.996] [main/WARN] [net.minecraftforge.registries.ForgeRegistry/REGISTRIES]: Registry minecraft:item: Object did not get ID it asked for. Name: farmersdelight:cyan_canvas_sign Expected: 1311 Got: 2886
[14Oct2024 00:00:05.996] [main/WARN] [net.minecraftforge.registries.ForgeRegistry/REGISTRIES]: Registry minecraft:item: Object did not get ID it asked for. Name: farmersdelight:cyan_hanging_canvas_sign Expected: 1312 Got: 2887
[14Oct2024 00:00:05.996] [main/WARN] [net.minecraftforge.registries.ForgeRegistry/REGISTRIES]: Registry minecraft:item: Object did not get ID it asked for. Name: farmersdelight:light_blue_canvas_sign Expected: 1313 Got: 2888
[14Oct2024 00:00:05.996] [main/WARN] [net.minecraftforge.registries.ForgeRegistry/REGISTRIES]: Registry minecraft:item: Object did not get ID it asked for. Name: farmersdelight:light_blue_hanging_canvas_sign Expected: 1314 Got: 2889
[14Oct2024 00:00:05.996] [main/WARN] [net.minecraftforge.registries.ForgeRegistry/REGISTRIES]: Registry minecraft:item: Object did not get ID it asked for. Name: farmersdelight:blue_canvas_sign Expected: 1315 Got: 2890
[14Oct2024 00:00:05.997] [main/WARN] [net.minecraftforge.registries.ForgeRegistry/REGISTRIES]: Registry minecraft:item: Object did not get ID it asked for. Name: farmersdelight:blue_hanging_canvas_sign Expected: 1316 Got: 2891
[14Oct2024 00:00:05.997] [main/WARN] [net.minecraftforge.registries.ForgeRegistry/REGISTRIES]: Registry minecraft:item: Object did not get ID it asked for. Name: farmersdelight:purple_canvas_sign Expected: 1317 Got: 2892
[14Oct2024 00:00:05.997] [main/WARN] [net.minecraftforge.registries.ForgeRegistry/REGISTRIES]: Registry minecraft:item: Object did not get ID it asked for. Name: farmersdelight:purple_hanging_canvas_sign Expected: 1318 Got: 2893
[14Oct2024 00:00:05.997] [main/WARN] [net.minecraftforge.registries.ForgeRegistry/REGISTRIES]: Registry minecraft:item: Object did not get ID it asked for. Name: farmersdelight:magenta_canvas_sign Expected: 1319 Got: 2894
[14Oct2024 00:00:05.997] [main/WARN] [net.minecraftforge.registries.ForgeRegistry/REGISTRIES]: Registry minecraft:item: Object did not get ID it asked for. Name: farmersdelight:magenta_hanging_canvas_sign Expected: 1320 Got: 2895
[14Oct2024 00:00:05.997] [main/WARN] [net.minecraftforge.registries.ForgeRegistry/REGISTRIES]: Registry minecraft:item: Object did not get ID it asked for. Name: farmersdelight:pink_canvas_sign Expected: 1321 Got: 2896
[14Oct2024 00:00:05.998] [main/WARN] [net.minecraftforge.registries.ForgeRegistry/REGISTRIES]: Registry minecraft:item: Object did not get ID it asked for. Name: farmersdelight:pink_hanging_canvas_sign Expected: 1322 Got: 2897
[14Oct2024 00:00:05.998] [main/WARN] [net.minecraftforge.registries.ForgeRegistry/REGISTRIES]: Registry minecraft:item: Object did not get ID it asked for. Name: farmersdelight:flint_knife Expected: 1323 Got: 2898
[14Oct2024 00:00:05.998] [main/WARN] [net.minecraftforge.registries.ForgeRegistry/REGISTRIES]: Registry minecraft:item: Object did not get ID it asked for. Name: farmersdelight:iron_knife Expected: 1324 Got: 2899
[14Oct2024 00:00:05.998] [main/WARN] [net.minecraftforge.registries.ForgeRegistry/REGISTRIES]: Registry minecraft:item: Object did not get ID it asked for. Name: farmersdelight:diamond_knife Expected: 1325 Got: 2900
[14Oct2024 00:00:05.998] [main/WARN] [net.minecraftforge.registries.ForgeRegistry/REGISTRIES]: Registry minecraft:item: Object did not get ID it asked for. Name: farmersdelight:netherite_knife Expected: 1326 Got: 2901
[14Oct2024 00:00:05.998] [main/WARN] [net.minecraftforge.registries.ForgeRegistry/REGISTRIES]: Registry minecraft:item: Object did not get ID it asked for. Name: farmersdelight:golden_knife Expected: 1327 Got: 2902
[14Oct2024 00:00:05.999] [main/WARN] [net.minecraftforge.registries.ForgeRegistry/REGISTRIES]: Registry minecraft:item: Object did not get ID it asked for. Name: farmersdelight:straw Expected: 1328 Got: 2903
[14Oct2024 00:00:05.999] [main/WARN] [net.minecraftforge.registries.ForgeRegistry/REGISTRIES]: Registry minecraft:item: Object did not get ID it asked for. Name: farmersdelight:canvas Expected: 1329 Got: 2904
[14Oct2024 00:00:05.999] [main/WARN] [net.minecraftforge.registries.ForgeRegistry/REGISTRIES]: Registry minecraft:item: Object did not get ID it asked for. Name: farmersdelight:tree_bark Expected: 1330 Got: 2905
[14Oct2024 00:00:05.999] [main/WARN] [net.minecraftforge.registries.ForgeRegistry/REGISTRIES]: Registry minecraft:item: Object did not get ID it asked for. Name: farmersdelight:sandy_shrub Expected: 1331 Got: 2906
[14Oct2024 00:00:05.999] [main/WARN] [net.minecraftforge.registries.ForgeRegistry/REGISTRIES]: Registry minecraft:item: Object did not get ID it asked for. Name: farmersdelight:wild_cabbages Expected: 1332 Got: 2907
[14Oct2024 00:00:05.999] [main/WARN] [net.minecraftforge.registries.ForgeRegistry/REGISTRIES]: Registry minecraft:item: Object did not get ID it asked for. Name: farmersdelight:wild_onions Expected: 1333 Got: 2908
[14Oct2024 00:00:06.000] [main/WARN] [net.minecraftforge.registries.ForgeRegistry/REGISTRIES]: Registry minecraft:item: Object did not get ID it asked for. Name: farmersdelight:wild_tomatoes Expected: 1334 Got: 2909
[14Oct2024 00:00:06.000] [main/WARN] [net.minecraftforge.registries.ForgeRegistry/REGISTRIES]: Registry minecraft:item: Object did not get ID it asked for. Name: farmersdelight:wild_carrots Expected: 1335 Got: 2910
[14Oct2024 00:00:06.000] [main/WARN] [net.minecraftforge.registries.ForgeRegistry/REGISTRIES]: Registry minecraft:item: Object did not get ID it asked for. Name: farmersdelight:wild_potatoes Expected: 1336 Got: 2911
[14Oct2024 00:00:06.000] [main/WARN] [net.minecraftforge.registries.ForgeRegistry/REGISTRIES]: Registry minecraft:item: Object did not get ID it asked for. Name: farmersdelight:wild_beetroots Expected: 1337 Got: 2912
[14Oct2024 00:00:06.000] [main/WARN] [net.minecraftforge.registries.ForgeRegistry/REGISTRIES]: Registry minecraft:item: Object did not get ID it asked for. Name: farmersdelight:wild_rice Expected: 1338 Got: 2913
[14Oct2024 00:00:06.000] [main/WARN] [net.minecraftforge.registries.ForgeRegistry/REGISTRIES]: Registry minecraft:item: Object did not get ID it asked for. Name: farmersdelight:brown_mushroom_colony Expected: 1339 Got: 2914
[14Oct2024 00:00:06.001] [main/WARN] [net.minecraftforge.registries.ForgeRegistry/REGISTRIES]: Registry minecraft:item: Object did not get ID it asked for. Name: farmersdelight:red_mushroom_colony Expected: 1340 Got: 2915
[14Oct2024 00:00:06.001] [main/WARN] [net.minecraftforge.registries.ForgeRegistry/REGISTRIES]: Registry minecraft:item: Object did not get ID it asked for. Name: farmersdelight:cabbage Expected: 1341 Got: 2916
[14Oct2024 00:00:06.001] [main/WARN] [net.minecraftforge.registries.ForgeRegistry/REGISTRIES]: Registry minecraft:item: Object did not get ID it asked for. Name: farmersdelight:tomato Expected: 1342 Got: 2917
[14Oct2024 00:00:06.001] [main/WARN] [net.minecraftforge.registries.ForgeRegistry/REGISTRIES]: Registry minecraft:item: Object did not get ID it asked for. Name: farmersdelight:onion Expected: 1343 Got: 2918
[14Oct2024 00:00:06.001] [main/WARN] [net.minecraftforge.registries.ForgeRegistry/REGISTRIES]: Registry minecraft:item: Object did not get ID it asked for. Name: farmersdelight:rice_panicle Expected: 1344 Got: 2919
[14Oct2024 00:00:06.001] [main/WARN] [net.minecraftforge.registries.ForgeRegistry/REGISTRIES]: Registry minecraft:item: Object did not get ID it asked for. Name: farmersdelight:rice Expected: 1345 Got: 2920
[14Oct2024 00:00:06.002] [main/WARN] [net.minecraftforge.registries.ForgeRegistry/REGISTRIES]: Registry minecraft:item: Object did not get ID it asked for. Name: farmersdelight:cabbage_seeds Expected: 1346 Got: 2921
[14Oct2024 00:00:06.002] [main/WARN] [net.minecraftforge.registries.ForgeRegistry/REGISTRIES]: Registry minecraft:item: Object did not get ID it asked for. Name: farmersdelight:tomato_seeds Expected: 1347 Got: 2922
[14Oct2024 00:00:06.002] [main/WARN] [net.minecraftforge.registries.ForgeRegistry/REGISTRIES]: Registry minecraft:item: Object did not get ID it asked for. Name: farmersdelight:rotten_tomato Expected: 1348 Got: 2923
[14Oct2024 00:00:06.002] [main/WARN] [net.minecraftforge.registries.ForgeRegistry/REGISTRIES]: Registry minecraft:item: Object did not get ID it asked for. Name: farmersdelight:fried_egg Expected: 1349 Got: 2924
[14Oct2024 00:00:06.002] [main/WARN] [net.minecraftforge.registries.ForgeRegistry/REGISTRIES]: Registry minecraft:item: Object did not get ID it asked for. Name: farmersdelight:milk_bottle Expected: 1350 Got: 2925
[14Oct2024 00:00:06.003] [main/WARN] [net.minecraftforge.registries.ForgeRegistry/REGISTRIES]: Registry minecraft:item: Object did not get ID it asked for. Name: farmersdelight:hot_cocoa Expected: 1351 Got: 2926
[14Oct2024 00:00:06.003] [main/WARN] [net.minecraftforge.registries.ForgeRegistry/REGISTRIES]: Registry minecraft:item: Object did not get ID it asked for. Name: farmersdelight:apple_cider Expected: 1352 Got: 2927
[14Oct2024 00:00:06.003] [main/WARN] [net.minecraftforge.registries.ForgeRegistry/REGISTRIES]: Registry minecraft:item: Object did not get ID it asked for. Name: farmersdelight:melon_juice Expected: 1353 Got: 2928
[14Oct2024 00:00:06.003] [main/WARN] [net.minecraftforge.registries.ForgeRegistry/REGISTRIES]: Registry minecraft:item: Object did not get ID it asked for. Name: farmersdelight:tomato_sauce Expected: 1354 Got: 2929
[14Oct2024 00:00:06.003] [main/WARN] [net.minecraftforge.registries.ForgeRegistry/REGISTRIES]: Registry minecraft:item: Object did not get ID it asked for. Name: farmersdelight:wheat_dough Expected: 1355 Got: 2930
[14Oct2024 00:00:06.003] [main/WARN] [net.minecraftforge.registries.ForgeRegistry/REGISTRIES]: Registry minecraft:item: Object did not get ID it asked for. Name: farmersdelight:raw_pasta Expected: 1356 Got: 2931
[14Oct2024 00:00:06.004] [main/WARN] [net.minecraftforge.registries.ForgeRegistry/REGISTRIES]: Registry minecraft:item: Object did not get ID it asked for. Name: farmersdelight:pumpkin_slice Expected: 1357 Got: 2932
[14Oct2024 00:00:06.004] [main/WARN] [net.minecraftforge.registries.ForgeRegistry/REGISTRIES]: Registry minecraft:item: Object did not get ID it asked for. Name: farmersdelight:cabbage_leaf Expected: 1358 Got: 2933
[14Oct2024 00:00:06.004] [main/WARN] [net.minecraftforge.registries.ForgeRegistry/REGISTRIES]: Registry minecraft:item: Object did not get ID it asked for. Name: farmersdelight:minced_beef Expected: 1359 Got: 2934
[14Oct2024 00:00:06.004] [main/WARN] [net.minecraftforge.registries.ForgeRegistry/REGISTRIES]: Registry minecraft:item: Object did not get ID it asked for. Name: farmersdelight:beef_patty Expected: 1360 Got: 2935
[14Oct2024 00:00:06.004] [main/WARN] [net.minecraftforge.registries.ForgeRegistry/REGISTRIES]: Registry minecraft:item: Object did not get ID it asked for. Name: farmersdelight:chicken_cuts Expected: 1361 Got: 2936
[14Oct2024 00:00:06.004] [main/WARN] [net.minecraftforge.registries.ForgeRegistry/REGISTRIES]: Registry minecraft:item: Object did not get ID it asked for. Name: farmersdelight:cooked_chicken_cuts Expected: 1362 Got: 2937
[14Oct2024 00:00:06.004] [main/WARN] [net.minecraftforge.registries.ForgeRegistry/REGISTRIES]: Registry minecraft:item: Object did not get ID it asked for. Name: farmersdelight:bacon Expected: 1363 Got: 2938
[14Oct2024 00:00:06.005] [main/WARN] [net.minecraftforge.registries.ForgeRegistry/REGISTRIES]: Registry minecraft:item: Object did not get ID it asked for. Name: farmersdelight:cooked_bacon Expected: 1364 Got: 2939
[14Oct2024 00:00:06.005] [main/WARN] [net.minecraftforge.registries.ForgeRegistry/REGISTRIES]: Registry minecraft:item: Object did not get ID it asked for. Name: farmersdelight:cod_slice Expected: 1365 Got: 2940
[14Oct2024 00:00:06.005] [main/WARN] [net.minecraftforge.registries.ForgeRegistry/REGISTRIES]: Registry minecraft:item: Object did not get ID it asked for. Name: farmersdelight:cooked_cod_slice Expected: 1366 Got: 2941
[14Oct2024 00:00:06.005] [main/WARN] [net.minecraftforge.registries.ForgeRegistry/REGISTRIES]: Registry minecraft:item: Object did not get ID it asked for. Name: farmersdelight:salmon_slice Expected: 1367 Got: 2942
[14Oct2024 00:00:06.006] [main/WARN] [net.minecraftforge.registries.ForgeRegistry/REGISTRIES]: Registry minecraft:item: Object did not get ID it asked for. Name: farmersdelight:cooked_salmon_slice Expected: 1368 Got: 2943
[14Oct2024 00:00:06.006] [main/WARN] [net.minecraftforge.registries.ForgeRegistry/REGISTRIES]: Registry minecraft:item: Object did not get ID it asked for. Name: farmersdelight:mutton_chops Expected: 1369 Got: 2944
[14Oct2024 00:00:06.006] [main/WARN] [net.minecraftforge.registries.ForgeRegistry/REGISTRIES]: Registry minecraft:item: Object did not get ID it asked for. Name: farmersdelight:cooked_mutton_chops Expected: 1370 Got: 2945
[14Oct2024 00:00:06.006] [main/WARN] [net.minecraftforge.registries.ForgeRegistry/REGISTRIES]: Registry minecraft:item: Object did not get ID it asked for. Name: farmersdelight:ham Expected: 1371 Got: 2946
[14Oct2024 00:00:06.006] [main/WARN] [net.minecraftforge.registries.ForgeRegistry/REGISTRIES]: Registry minecraft:item: Object did not get ID it asked for. Name: farmersdelight:smoked_ham Expected: 1372 Got: 2947
[14Oct2024 00:00:06.007] [main/WARN] [net.minecraftforge.registries.ForgeRegistry/REGISTRIES]: Registry minecraft:item: Object did not get ID it asked for. Name: farmersdelight:pie_crust Expected: 1373 Got: 2948
[14Oct2024 00:00:06.007] [main/WARN] [net.minecraftforge.registries.ForgeRegistry/REGISTRIES]: Registry minecraft:item: Object did not get ID it asked for. Name: farmersdelight:apple_pie Expected: 1374 Got: 2949
[14Oct2024 00:00:06.007] [main/WARN] [net.minecraftforge.registries.ForgeRegistry/REGISTRIES]: Registry minecraft:item: Object did not get ID it asked for. Name: farmersdelight:sweet_berry_cheesecake Expected: 1375 Got: 2950
[14Oct2024 00:00:06.007] [main/WARN] [net.minecraftforge.registries.ForgeRegistry/REGISTRIES]: Registry minecraft:item: Object did not get ID it asked for. Name: farmersdelight:chocolate_pie Expected: 1376 Got: 2951
[14Oct2024 00:00:06.007] [main/WARN] [net.minecraftforge.registries.ForgeRegistry/REGISTRIES]: Registry minecraft:item: Object did not get ID it asked for. Name: farmersdelight:cake_slice Expected: 1377 Got: 2952
[14Oct2024 00:00:06.008] [main/WARN] [net.minecraftforge.registries.ForgeRegistry/REGISTRIES]: Registry minecraft:item: Object did not get ID it asked for. Name: farmersdelight:apple_pie_slice Expected: 1378 Got: 2953
[14Oct2024 00:00:06.008] [main/WARN] [net.minecraftforge.registries.ForgeRegistry/REGISTRIES]: Registry minecraft:item: Object did not get ID it asked for. Name: farmersdelight:sweet_berry_cheesecake_slice Expected: 1379 Got: 2954
[14Oct2024 00:00:06.008] [main/WARN] [net.minecraftforge.registries.ForgeRegistry/REGISTRIES]: Registry minecraft:item: Object did not get ID it asked for. Name: farmersdelight:chocolate_pie_slice Expected: 1380 Got: 2955
[14Oct2024 00:00:06.008] [main/WARN] [net.minecraftforge.registries.ForgeRegistry/REGISTRIES]: Registry minecraft:item: Object did not get ID it asked for. Name: farmersdelight:sweet_berry_cookie Expected: 1381 Got: 2956
[14Oct2024 00:00:06.008] [main/WARN] [net.minecraftforge.registries.ForgeRegistry/REGISTRIES]: Registry minecraft:item: Object did not get ID it asked for. Name: farmersdelight:honey_cookie Expected: 1382 Got: 2957
[14Oct2024 00:00:06.009] [main/WARN] [net.minecraftforge.registries.ForgeRegistry/REGISTRIES]: Registry minecraft:item: Object did not get ID it asked for. Name: farmersdelight:melon_popsicle Expected: 1383 Got: 2958
[14Oct2024 00:00:06.009] [main/WARN] [net.minecraftforge.registries.ForgeRegistry/REGISTRIES]: Registry minecraft:item: Object did not get ID it asked for. Name: farmersdelight:glow_berry_custard Expected: 1384 Got: 2959
[14Oct2024 00:00:06.009] [main/WARN] [net.minecraftforge.registries.ForgeRegistry/REGISTRIES]: Registry minecraft:item: Object did not get ID it asked for. Name: farmersdelight:fruit_salad Expected: 1385 Got: 2960
[14Oct2024 00:00:06.009] [main/WARN] [net.minecraftforge.registries.ForgeRegistry/REGISTRIES]: Registry minecraft:item: Object did not get ID it asked for. Name: farmersdelight:mixed_salad Expected: 1386 Got: 2961
[14Oct2024 00:00:06.010] [main/WARN] [net.minecraftforge.registries.ForgeRegistry/REGISTRIES]: Registry minecraft:item: Object did not get ID it asked for. Name: farmersdelight:nether_salad Expected: 1387 Got: 2962
[14Oct2024 00:00:06.010] [main/WARN] [net.minecraftforge.registries.ForgeRegistry/REGISTRIES]: Registry minecraft:item: Object did not get ID it asked for. Name: farmersdelight:barbecue_stick Expected: 1388 Got: 2963
[14Oct2024 00:00:06.010] [main/WARN] [net.minecraftforge.registries.ForgeRegistry/REGISTRIES]: Registry minecraft:item: Object did not get ID it asked for. Name: farmersdelight:egg_sandwich Expected: 1389 Got: 2964
[14Oct2024 00:00:06.010] [main/WARN] [net.minecraftforge.registries.ForgeRegistry/REGISTRIES]: Registry minecraft:item: Object did not get ID it asked for. Name: farmersdelight:chicken_sandwich Expected: 1390 Got: 2965
[14Oct2024 00:00:06.010] [main/WARN] [net.minecraftforge.registries.ForgeRegistry/REGISTRIES]: Registry minecraft:item: Object did not get ID it asked for. Name: farmersdelight:hamburger Expected: 1391 Got: 2966
[14Oct2024 00:00:06.010] [main/WARN] [net.minecraftforge.registries.ForgeRegistry/REGISTRIES]: Registry minecraft:item: Object did not get ID it asked for. Name: farmersdelight:bacon_sandwich Expected: 1392 Got: 2967
[14Oct2024 00:00:06.010] [main/WARN] [net.minecraftforge.registries.ForgeRegistry/REGISTRIES]: Registry minecraft:item: Object did not get ID it asked for. Name: farmersdelight:mutton_wrap Expected: 1393 Got: 2968
[14Oct2024 00:00:06.010] [main/WARN] [net.minecraftforge.registries.ForgeRegistry/REGISTRIES]: Registry minecraft:item: Object did not get ID it asked for. Name: farmersdelight:dumplings Expected: 1394 Got: 2969
[14Oct2024 00:00:06.011] [main/WARN] [net.minecraftforge.registries.ForgeRegistry/REGISTRIES]: Registry minecraft:item: Object did not get ID it asked for. Name: farmersdelight:stuffed_potato Expected: 1395 Got: 2970
[14Oct2024 00:00:06.011] [main/WARN] [net.minecraftforge.registries.ForgeRegistry/REGISTRIES]: Registry minecraft:item: Object did not get ID it asked for. Name: farmersdelight:cabbage_rolls Expected: 1396 Got: 2971
[14Oct2024 00:00:06.011] [main/WARN] [net.minecraftforge.registries.ForgeRegistry/REGISTRIES]: Registry minecraft:item: Object did not get ID it asked for. Name: farmersdelight:salmon_roll Expected: 1397 Got: 2972
[14Oct2024 00:00:06.011] [main/WARN] [net.minecraftforge.registries.ForgeRegistry/REGISTRIES]: Registry minecraft:item: Object did not get ID it asked for. Name: farmersdelight:cod_roll Expected: 1398 Got: 2973
[14Oct2024 00:00:06.011] [main/WARN] [net.minecraftforge.registries.ForgeRegistry/REGISTRIES]: Registry minecraft:item: Object did not get ID it asked for. Name: farmersdelight:kelp_roll Expected: 1399 Got: 2974
[14Oct2024 00:00:06.011] [main/WARN] [net.minecraftforge.registries.ForgeRegistry/REGISTRIES]: Registry minecraft:item: Object did not get ID it asked for. Name: farmersdelight:kelp_roll_slice Expected: 1400 Got: 2975
[14Oct2024 00:00:06.011] [main/WARN] [net.minecraftforge.registries.ForgeRegistry/REGISTRIES]: Registry minecraft:item: Object did not get ID it asked for. Name: farmersdelight:cooked_rice Expected: 1401 Got: 2976
[14Oct2024 00:00:06.012] [main/WARN] [net.minecraftforge.registries.ForgeRegistry/REGISTRIES]: Registry minecraft:item: Object did not get ID it asked for. Name: farmersdelight:bone_broth Expected: 1402 Got: 2977
[14Oct2024 00:00:06.012] [main/WARN] [net.minecraftforge.registries.ForgeRegistry/REGISTRIES]: Registry minecraft:item: Object did not get ID it asked for. Name: farmersdelight:beef_stew Expected: 1403 Got: 2978
[14Oct2024 00:00:06.012] [main/WARN] [net.minecraftforge.registries.ForgeRegistry/REGISTRIES]: Registry minecraft:item: Object did not get ID it asked for. Name: farmersdelight:chicken_soup Expected: 1404 Got: 2979
[14Oct2024 00:00:06.012] [main/WARN] [net.minecraftforge.registries.ForgeRegistry/REGISTRIES]: Registry minecraft:item: Object did not get ID it asked for. Name: farmersdelight:vegetable_soup Expected: 1405 Got: 2980
[14Oct2024 00:00:06.012] [main/WARN] [net.minecraftforge.registries.ForgeRegistry/REGISTRIES]: Registry minecraft:item: Object did not get ID it asked for. Name: farmersdelight:fish_stew Expected: 1406 Got: 2981
[14Oct2024 00:00:06.012] [main/WARN] [net.minecraftforge.registries.ForgeRegistry/REGISTRIES]: Registry minecraft:item: Object did not get ID it asked for. Name: farmersdelight:fried_rice Expected: 1407 Got: 2982
[14Oct2024 00:00:06.012] [main/WARN] [net.minecraftforge.registries.ForgeRegistry/REGISTRIES]: Registry minecraft:item: Object did not get ID it asked for. Name: farmersdelight:pumpkin_soup Expected: 1408 Got: 2983
[14Oct2024 00:00:06.013] [main/WARN] [net.minecraftforge.registries.ForgeRegistry/REGISTRIES]: Registry minecraft:item: Object did not get ID it asked for. Name: farmersdelight:baked_cod_stew Expected: 1409 Got: 2984
[14Oct2024 00:00:06.013] [main/WARN] [net.minecraftforge.registries.ForgeRegistry/REGISTRIES]: Registry minecraft:item: Object did not get ID it asked for. Name: farmersdelight:noodle_soup Expected: 1410 Got: 2985
[14Oct2024 00:00:06.013] [main/WARN] [net.minecraftforge.registries.ForgeRegistry/REGISTRIES]: Registry minecraft:item: Object did not get ID it asked for. Name: farmersdelight:bacon_and_eggs Expected: 1411 Got: 2986
[14Oct2024 00:00:06.013] [main/WARN] [net.minecraftforge.registries.ForgeRegistry/REGISTRIES]: Registry minecraft:item: Object did not get ID it asked for. Name: farmersdelight:pasta_with_meatballs Expected: 1412 Got: 2987
[14Oct2024 00:00:06.013] [main/WARN] [net.minecraftforge.registries.ForgeRegistry/REGISTRIES]: Registry minecraft:item: Object did not get ID it asked for. Name: farmersdelight:pasta_with_mutton_chop Expected: 1413 Got: 2988
[14Oct2024 00:00:06.013] [main/WARN] [net.minecraftforge.registries.ForgeRegistry/REGISTRIES]: Registry minecraft:item: Object did not get ID it asked for. Name: farmersdelight:mushroom_rice Expected: 1414 Got: 2989
[14Oct2024 00:00:06.013] [main/WARN] [net.minecraftforge.registries.ForgeRegistry/REGISTRIES]: Registry minecraft:item: Object did not get ID it asked for. Name: farmersdelight:roasted_mutton_chops Expected: 1415 Got: 2990
[14Oct2024 00:00:06.014] [main/WARN] [net.minecraftforge.registries.ForgeRegistry/REGISTRIES]: Registry minecraft:item: Object did not get ID it asked for. Name: farmersdelight:vegetable_noodles Expected: 1416 Got: 2991
[14Oct2024 00:00:06.014] [main/WARN] [net.minecraftforge.registries.ForgeRegistry/REGISTRIES]: Registry minecraft:item: Object did not get ID it asked for. Name: farmersdelight:steak_and_potatoes Expected: 1417 Got: 2992
[14Oct2024 00:00:06.014] [main/WARN] [net.minecraftforge.registries.ForgeRegistry/REGISTRIES]: Registry minecraft:item: Object did not get ID it asked for. Name: farmersdelight:ratatouille Expected: 1418 Got: 2993
[14Oct2024 00:00:06.014] [main/WARN] [net.minecraftforge.registries.ForgeRegistry/REGISTRIES]: Registry minecraft:item: Object did not get ID it asked for. Name: farmersdelight:squid_ink_pasta Expected: 1419 Got: 2994
[14Oct2024 00:00:06.014] [main/WARN] [net.minecraftforge.registries.ForgeRegistry/REGISTRIES]: Registry minecraft:item: Object did not get ID it asked for. Name: farmersdelight:grilled_salmon Expected: 1420 Got: 2995
[14Oct2024 00:00:06.014] [main/WARN] [net.minecraftforge.registries.ForgeRegistry/REGISTRIES]: Registry minecraft:item: Object did not get ID it asked for. Name: farmersdelight:roast_chicken_block Expected: 1421 Got: 2996
[14Oct2024 00:00:06.014] [main/WARN] [net.minecraftforge.registries.ForgeRegistry/REGISTRIES]: Registry minecraft:item: Object did not get ID it asked for. Name: farmersdelight:roast_chicken Expected: 1422 Got: 2997
[14Oct2024 00:00:06.015] [main/WARN] [net.minecraftforge.registries.ForgeRegistry/REGISTRIES]: Registry minecraft:item: Object did not get ID it asked for. Name: farmersdelight:stuffed_pumpkin_block Expected: 1423 Got: 2998
[14Oct2024 00:00:06.015] [main/WARN] [net.minecraftforge.registries.ForgeRegistry/REGISTRIES]: Registry minecraft:item: Object did not get ID it asked for. Name: farmersdelight:stuffed_pumpkin Expected: 1424 Got: 2999
[14Oct2024 00:00:06.015] [main/WARN] [net.minecraftforge.registries.ForgeRegistry/REGISTRIES]: Registry minecraft:item: Object did not get ID it asked for. Name: farmersdelight:honey_glazed_ham_block Expected: 1425 Got: 3000
[14Oct2024 00:00:06.015] [main/WARN] [net.minecraftforge.registries.ForgeRegistry/REGISTRIES]: Registry minecraft:item: Object did not get ID it asked for. Name: farmersdelight:honey_glazed_ham Expected: 1426 Got: 3001
[14Oct2024 00:00:06.015] [main/WARN] [net.minecraftforge.registries.ForgeRegistry/REGISTRIES]: Registry minecraft:item: Object did not get ID it asked for. Name: farmersdelight:shepherds_pie_block Expected: 1427 Got: 3002
[14Oct2024 00:00:06.015] [main/WARN] [net.minecraftforge.registries.ForgeRegistry/REGISTRIES]: Registry minecraft:item: Object did not get ID it asked for. Name: farmersdelight:shepherds_pie Expected: 1428 Got: 3003
[14Oct2024 00:00:06.015] [main/WARN] [net.minecraftforge.registries.ForgeRegistry/REGISTRIES]: Registry minecraft:item: Object did not get ID it asked for. Name: farmersdelight:rice_roll_medley_block Expected: 1429 Got: 3004
[14Oct2024 00:00:06.015] [main/WARN] [net.minecraftforge.registries.ForgeRegistry/REGISTRIES]: Registry minecraft:item: Object did not get ID it asked for. Name: farmersdelight:dog_food Expected: 1430 Got: 3005
[14Oct2024 00:00:06.016] [main/WARN] [net.minecraftforge.registries.ForgeRegistry/REGISTRIES]: Registry minecraft:item: Object did not get ID it asked for. Name: farmersdelight:horse_feed Expected: 1431 Got: 3006
[14Oct2024 00:00:06.026] [main/WARN] [net.minecraftforge.registries.ForgeRegistry/REGISTRIES]: Registry minecraft:sound_event: Object did not get ID it asked for. Name: farmersdelight:block.stove.crackle Expected: 1474 Got: 1542
[14Oct2024 00:00:06.026] [main/WARN] [net.minecraftforge.registries.ForgeRegistry/REGISTRIES]: Registry minecraft:sound_event: Object did not get ID it asked for. Name: farmersdelight:block.cooking_pot.boil Expected: 1475 Got: 1543
[14Oct2024 00:00:06.026] [main/WARN] [net.minecraftforge.registries.ForgeRegistry/REGISTRIES]: Registry minecraft:sound_event: Object did not get ID it asked for. Name: farmersdelight:block.cooking_pot.boil_soup Expected: 1476 Got: 1544
[14Oct2024 00:00:06.026] [main/WARN] [net.minecraftforge.registries.ForgeRegistry/REGISTRIES]: Registry minecraft:sound_event: Object did not get ID it asked for. Name: farmersdelight:block.cutting_board.knife Expected: 1477 Got: 1545
[14Oct2024 00:00:06.027] [main/WARN] [net.minecraftforge.registries.ForgeRegistry/REGISTRIES]: Registry minecraft:sound_event: Object did not get ID it asked for. Name: farmersdelight:block.cabinet.open Expected: 1478 Got: 1546
[14Oct2024 00:00:06.027] [main/WARN] [net.minecraftforge.registries.ForgeRegistry/REGISTRIES]: Registry minecraft:sound_event: Object did not get ID it asked for. Name: farmersdelight:block.cabinet.close Expected: 1479 Got: 1547
[14Oct2024 00:00:06.027] [main/WARN] [net.minecraftforge.registries.ForgeRegistry/REGISTRIES]: Registry minecraft:sound_event: Object did not get ID it asked for. Name: farmersdelight:block.skillet.sizzle Expected: 1480 Got: 1548
[14Oct2024 00:00:06.027] [main/WARN] [net.minecraftforge.registries.ForgeRegistry/REGISTRIES]: Registry minecraft:sound_event: Object did not get ID it asked for. Name: farmersdelight:block.skillet.add_food Expected: 1481 Got: 1549
[14Oct2024 00:00:06.027] [main/WARN] [net.minecraftforge.registries.ForgeRegistry/REGISTRIES]: Registry minecraft:sound_event: Object did not get ID it asked for. Name: farmersdelight:item.skillet.attack.strong Expected: 1482 Got: 1550
[14Oct2024 00:00:06.027] [main/WARN] [net.minecraftforge.registries.ForgeRegistry/REGISTRIES]: Registry minecraft:sound_event: Object did not get ID it asked for. Name: farmersdelight:item.skillet.attack.weak Expected: 1483 Got: 1551
[14Oct2024 00:00:06.027] [main/WARN] [net.minecraftforge.registries.ForgeRegistry/REGISTRIES]: Registry minecraft:sound_event: Object did not get ID it asked for. Name: farmersdelight:block.tomato_bush.pick_tomatoes Expected: 1484 Got: 1552
[14Oct2024 00:00:06.027] [main/WARN] [net.minecraftforge.registries.ForgeRegistry/REGISTRIES]: Registry minecraft:sound_event: Object did not get ID it asked for. Name: farmersdelight:entity.rotten_tomato.throw Expected: 1485 Got: 1553
[14Oct2024 00:00:06.027] [main/WARN] [net.minecraftforge.registries.ForgeRegistry/REGISTRIES]: Registry minecraft:sound_event: Object did not get ID it asked for. Name: farmersdelight:entity.rotten_tomato.hit Expected: 1486 Got: 1554
[14Oct2024 00:00:06.028] [main/WARN] [net.minecraftforge.registries.ForgeRegistry/REGISTRIES]: Registry minecraft:enchantment: Object did not get ID it asked for. Name: farmersdelight:backstabbing Expected: 39 Got: 41
[14Oct2024 00:00:06.028] [main/WARN] [net.minecraftforge.registries.ForgeRegistry/REGISTRIES]: Registry minecraft:entity_type: Object did not get ID it asked for. Name: farmersdelight:rotten_tomato Expected: 124 Got: 139
[14Oct2024 00:00:09.416] [Forge Version Check/WARN] [net.minecraftforge.fml.VersionChecker/]: Failed to process update information
java.net.http.HttpConnectTimeoutException: HTTP connect timed out
	at jdk.internal.net.http.HttpClientImpl.send(HttpClientImpl.java:945) ~[java.net.http:?]
	at jdk.internal.net.http.HttpClientFacade.send(HttpClientFacade.java:133) ~[java.net.http:?]
	at net.minecraftforge.fml.VersionChecker$1.openUrlString(VersionChecker.java:142) ~[fmlcore-1.20.1-47.3.11.jar%23140!/:?]
	at net.minecraftforge.fml.VersionChecker$1.process(VersionChecker.java:180) ~[fmlcore-1.20.1-47.3.11.jar%23140!/:?]
	at java.lang.Iterable.forEach(Iterable.java:75) ~[?:?]
	at net.minecraftforge.fml.VersionChecker$1.run(VersionChecker.java:117) ~[fmlcore-1.20.1-47.3.11.jar%23140!/:?]
Caused by: java.net.http.HttpConnectTimeoutException: HTTP connect timed out
	at jdk.internal.net.http.ResponseTimerEvent.handle(ResponseTimerEvent.java:68) ~[java.net.http:?]
	at jdk.internal.net.http.HttpClientImpl.purgeTimeoutsAndReturnNextDeadline(HttpClientImpl.java:1778) ~[java.net.http:?]
	at jdk.internal.net.http.HttpClientImpl$SelectorManager.run(HttpClientImpl.java:1376) ~[java.net.http:?]
Caused by: java.net.ConnectException: HTTP connect timed out
	at jdk.internal.net.http.ResponseTimerEvent.handle(ResponseTimerEvent.java:69) ~[java.net.http:?]
	at jdk.internal.net.http.HttpClientImpl.purgeTimeoutsAndReturnNextDeadline(HttpClientImpl.java:1778) ~[java.net.http:?]
	at jdk.internal.net.http.HttpClientImpl$SelectorManager.run(HttpClientImpl.java:1376) ~[java.net.http:?]
[14Oct2024 00:00:09.417] [Forge Version Check/INFO] [net.minecraftforge.fml.VersionChecker/]: [create_structures] Starting version check at https://api.modrinth.comauth/init?url=https://modrinth.com/mod/create-structures/version/e9v4MIpX/updates/IAnP4np7/forge_updates.json
[14Oct2024 00:00:09.464] [Forge Version Check/WARN] [net.minecraftforge.fml.VersionChecker/]: Failed to process update information
java.net.ConnectException: null
	at jdk.internal.net.http.HttpClientImpl.send(HttpClientImpl.java:951) ~[java.net.http:?]
	at jdk.internal.net.http.HttpClientFacade.send(HttpClientFacade.java:133) ~[java.net.http:?]
	at net.minecraftforge.fml.VersionChecker$1.openUrlString(VersionChecker.java:142) ~[fmlcore-1.20.1-47.3.11.jar%23140!/:?]
	at net.minecraftforge.fml.VersionChecker$1.process(VersionChecker.java:180) ~[fmlcore-1.20.1-47.3.11.jar%23140!/:?]
	at java.lang.Iterable.forEach(Iterable.java:75) ~[?:?]
	at net.minecraftforge.fml.VersionChecker$1.run(VersionChecker.java:117) ~[fmlcore-1.20.1-47.3.11.jar%23140!/:?]
Caused by: java.net.ConnectException
	at jdk.internal.net.http.common.Utils.toConnectException(Utils.java:1028) ~[java.net.http:?]
	at jdk.internal.net.http.PlainHttpConnection.connectAsync(PlainHttpConnection.java:227) ~[java.net.http:?]
	at jdk.internal.net.http.AsyncSSLConnection.connectAsync(AsyncSSLConnection.java:56) ~[java.net.http:?]
	at jdk.internal.net.http.Http2Connection.createAsync(Http2Connection.java:468) ~[java.net.http:?]
	at jdk.internal.net.http.Http2ClientImpl.getConnectionFor(Http2ClientImpl.java:134) ~[java.net.http:?]
	at jdk.internal.net.http.ExchangeImpl.get(ExchangeImpl.java:94) ~[java.net.http:?]
	at jdk.internal.net.http.Exchange.establishExchange(Exchange.java:386) ~[java.net.http:?]
	at jdk.internal.net.http.Exchange.responseAsyncImpl0(Exchange.java:570) ~[java.net.http:?]
	at jdk.internal.net.http.Exchange.responseAsyncImpl(Exchange.java:423) ~[java.net.http:?]
	at jdk.internal.net.http.Exchange.responseAsync(Exchange.java:415) ~[java.net.http:?]
	at jdk.internal.net.http.MultiExchange.responseAsyncImpl(MultiExchange.java:413) ~[java.net.http:?]
	at jdk.internal.net.http.MultiExchange.lambda$responseAsyncImpl$7(MultiExchange.java:454) ~[java.net.http:?]
	at java.util.concurrent.CompletableFuture.uniHandle(CompletableFuture.java:934) ~[?:?]
	at java.util.concurrent.CompletableFuture.uniHandleStage(CompletableFuture.java:950) ~[?:?]
	at java.util.concurrent.CompletableFuture.handle(CompletableFuture.java:2372) ~[?:?]
	at jdk.internal.net.http.MultiExchange.responseAsyncImpl(MultiExchange.java:444) ~[java.net.http:?]
	at jdk.internal.net.http.MultiExchange.lambda$responseAsync0$2(MultiExchange.java:346) ~[java.net.http:?]
	at java.util.concurrent.CompletableFuture$UniCompose.tryFire(CompletableFuture.java:1150) ~[?:?]
	at java.util.concurrent.CompletableFuture.postComplete(CompletableFuture.java:510) ~[?:?]
	at java.util.concurrent.CompletableFuture$AsyncSupply.run(CompletableFuture.java:1773) ~[?:?]
	at jdk.internal.net.http.HttpClientImpl$DelegatingExecutor.execute(HttpClientImpl.java:177) ~[java.net.http:?]
	at java.util.concurrent.CompletableFuture.completeAsync(CompletableFuture.java:2719) ~[?:?]
	at jdk.internal.net.http.MultiExchange.responseAsync(MultiExchange.java:299) ~[java.net.http:?]
	at jdk.internal.net.http.HttpClientImpl.sendAsync(HttpClientImpl.java:1047) ~[java.net.http:?]
	at jdk.internal.net.http.HttpClientImpl.send(HttpClientImpl.java:930) ~[java.net.http:?]
	... 5 more
Caused by: java.nio.channels.UnresolvedAddressException
	at sun.nio.ch.Net.checkAddress(Net.java:137) ~[?:?]
	at sun.nio.ch.Net.checkAddress(Net.java:145) ~[?:?]
	at sun.nio.ch.SocketChannelImpl.checkRemote(SocketChannelImpl.java:842) ~[?:?]
	at sun.nio.ch.SocketChannelImpl.connect(SocketChannelImpl.java:865) ~[?:?]
	at jdk.internal.net.http.PlainHttpConnection.lambda$connectAsync$1(PlainHttpConnection.java:210) ~[java.net.http:?]
	at java.security.AccessController.doPrivileged(AccessController.java:571) ~[?:?]
	at jdk.internal.net.http.PlainHttpConnection.connectAsync(PlainHttpConnection.java:212) ~[java.net.http:?]
	at jdk.internal.net.http.AsyncSSLConnection.connectAsync(AsyncSSLConnection.java:56) ~[java.net.http:?]
	at jdk.internal.net.http.Http2Connection.createAsync(Http2Connection.java:468) ~[java.net.http:?]
	at jdk.internal.net.http.Http2ClientImpl.getConnectionFor(Http2ClientImpl.java:134) ~[java.net.http:?]
	at jdk.internal.net.http.ExchangeImpl.get(ExchangeImpl.java:94) ~[java.net.http:?]
	at jdk.internal.net.http.Exchange.establishExchange(Exchange.java:386) ~[java.net.http:?]
	at jdk.internal.net.http.Exchange.responseAsyncImpl0(Exchange.java:570) ~[java.net.http:?]
	at jdk.internal.net.http.Exchange.responseAsyncImpl(Exchange.java:423) ~[java.net.http:?]
	at jdk.internal.net.http.Exchange.responseAsync(Exchange.java:415) ~[java.net.http:?]
	at jdk.internal.net.http.MultiExchange.responseAsyncImpl(MultiExchange.java:413) ~[java.net.http:?]
	at jdk.internal.net.http.MultiExchange.lambda$responseAsyncImpl$7(MultiExchange.java:454) ~[java.net.http:?]
	at java.util.concurrent.CompletableFuture.uniHandle(CompletableFuture.java:934) ~[?:?]
	at java.util.concurrent.CompletableFuture.uniHandleStage(CompletableFuture.java:950) ~[?:?]
	at java.util.concurrent.CompletableFuture.handle(CompletableFuture.java:2372) ~[?:?]
	at jdk.internal.net.http.MultiExchange.responseAsyncImpl(MultiExchange.java:444) ~[java.net.http:?]
	at jdk.internal.net.http.MultiExchange.lambda$responseAsync0$2(MultiExchange.java:346) ~[java.net.http:?]
	at java.util.concurrent.CompletableFuture$UniCompose.tryFire(CompletableFuture.java:1150) ~[?:?]
	at java.util.concurrent.CompletableFuture.postComplete(CompletableFuture.java:510) ~[?:?]
	at java.util.concurrent.CompletableFuture$AsyncSupply.run(CompletableFuture.java:1773) ~[?:?]
	at jdk.internal.net.http.HttpClientImpl$DelegatingExecutor.execute(HttpClientImpl.java:177) ~[java.net.http:?]
	at java.util.concurrent.CompletableFuture.completeAsync(CompletableFuture.java:2719) ~[?:?]
	at jdk.internal.net.http.MultiExchange.responseAsync(MultiExchange.java:299) ~[java.net.http:?]
	at jdk.internal.net.http.HttpClientImpl.sendAsync(HttpClientImpl.java:1047) ~[java.net.http:?]
	at jdk.internal.net.http.HttpClientImpl.send(HttpClientImpl.java:930) ~[java.net.http:?]
	... 5 more
[14Oct2024 00:00:09.467] [Forge Version Check/INFO] [net.minecraftforge.fml.VersionChecker/]: [forge] Starting version check at https://files.minecraftforge.net/net/minecraftforge/forge/promotions_slim.json
[14Oct2024 00:00:11.988] [main/WARN] [net.minecraft.server.packs.VanillaPackResourcesBuilder/]: Assets URL 'union:/home/crestfallen/Minecraft/CreateForge/libraries/net/minecraft/server/1.20.1-20230612.114412/server-1.20.1-20230612.114412-srg.jar%23139!/assets/.mcassetsroot' uses unexpected schema
[14Oct2024 00:00:11.989] [main/WARN] [net.minecraft.server.packs.VanillaPackResourcesBuilder/]: Assets URL 'union:/home/crestfallen/Minecraft/CreateForge/libraries/net/minecraft/server/1.20.1-20230612.114412/server-1.20.1-20230612.114412-srg.jar%23139!/data/.mcassetsroot' uses unexpected schema
[14Oct2024 00:00:14.793] [Worker-Main-4/ERROR] [net.minecraft.tags.TagLoader/]: Couldn't load tag creategoggles:modifier/goggle_incompatible as it is missing following references: mekanism:mekasuit_helmet (from creategoggles-1.20.1-0.5.5.g-[FORGE].jar)
[14Oct2024 00:00:14.803] [Worker-Main-4/ERROR] [net.minecraft.tags.TagLoader/]: Couldn't load tag minecraft:trim_materialss as it is missing following references: creategoggles:goggle_material (from creategoggles-1.20.1-0.5.5.g-[FORGE].jar)
[14Oct2024 00:00:16.018] [main/WARN] [com.simibubi.create.Create/]: Your custom create:mixing recipe (createfood:create/mixing/chocolate_cream_frosting_fluid_from_mixing_alt) has more item inputs (12) than supported (9).
[14Oct2024 00:00:16.035] [main/WARN] [com.simibubi.create.Create/]: Your custom create:mixing recipe (createfood:create/mixing/chorus_fruit_cream_frosting_bucket_from_mixing_alt) has more item inputs (13) than supported (9).
[14Oct2024 00:00:16.037] [main/WARN] [com.simibubi.create.Create/]: Your custom create:mixing recipe (createfood:create/mixing/apple_cream_frosting_bucket_from_mixing_alt) has more item inputs (13) than supported (9).
[14Oct2024 00:00:16.125] [main/WARN] [com.simibubi.create.Create/]: Your custom create:mixing recipe (createfood:create/mixing/chorus_fruit_cream_frosting_fluid_from_mixing_alt) has more item inputs (12) than supported (9).
[14Oct2024 00:00:16.137] [main/WARN] [com.simibubi.create.Create/]: Your custom create:mixing recipe (createfood:create/mixing/melon_cream_frosting_bucket_from_mixing_alt) has more item inputs (13) than supported (9).
[14Oct2024 00:00:16.141] [main/WARN] [com.simibubi.create.Create/]: Your custom create:mixing recipe (createfood:create/mixing/apple_cream_frosting_fluid_from_mixing_alt) has more item inputs (12) than supported (9).
[14Oct2024 00:00:16.161] [main/WARN] [com.simibubi.create.Create/]: Your custom create:mixing recipe (createfood:create/mixing/cotton_candy_stick_from_mixing_heated_cane_syrup) has more item inputs (10) than supported (9).
[14Oct2024 00:00:16.213] [main/WARN] [com.simibubi.create.Create/]: Your custom create:mixing recipe (createfood:create/mixing/berry_cream_frosting_fluid_from_mixing_alt) has more item inputs (12) than supported (9).
[14Oct2024 00:00:16.233] [main/WARN] [com.simibubi.create.Create/]: Your custom create:mixing recipe (createfood:create/mixing/melon_cream_frosting_fluid_from_mixing_alt) has more item inputs (12) than supported (9).
[14Oct2024 00:00:16.271] [main/WARN] [com.simibubi.create.Create/]: Your custom create:mixing recipe (createfood:create/mixing/glow_berry_cream_frosting_fluid_from_mixing_alt) has more item inputs (12) than supported (9).
[14Oct2024 00:00:16.333] [main/WARN] [com.simibubi.create.Create/]: Your custom create:mixing recipe (createfood:create/mixing/berry_cream_frosting_bucket_from_mixing_alt) has more item inputs (13) than supported (9).
[14Oct2024 00:00:16.339] [main/WARN] [com.simibubi.create.Create/]: Your custom create:mixing recipe (createfood:create/mixing/chocolate_cream_frosting_bucket_from_mixing_alt) has more item inputs (13) than supported (9).
[14Oct2024 00:00:16.344] [main/WARN] [com.simibubi.create.Create/]: Your custom create:mixing recipe (createfood:create/mixing/glow_berry_cream_frosting_bucket_from_mixing_alt) has more item inputs (13) than supported (9).
[14Oct2024 00:00:16.375] [main/INFO] [net.minecraft.world.item.crafting.RecipeManager/]: Loaded 25 recipes
[14Oct2024 00:00:16.380] [main/INFO] [com.possible_triangle.sliceanddice.SliceAndDice/]: Injecting recipes
[14Oct2024 00:00:16.720] [main/INFO] [net.minecraft.advancements.AdvancementList/]: Loaded 5040 advancements
[14Oct2024 00:00:16.731] [main/INFO] [top.theillusivec4.curios.Curios/]: Loaded 10 curio slots
[14Oct2024 00:00:16.738] [main/INFO] [top.theillusivec4.curios.Curios/]: Loaded 1 curio entities
[14Oct2024 00:00:20.542] [Yggdrasil Key Fetcher/ERROR] [com.mojang.authlib.yggdrasil.YggdrasilServicesKeyInfo/]: Failed to request yggdrasil public key
com.mojang.authlib.exceptions.AuthenticationUnavailableException: Cannot contact authentication server
	at com.mojang.authlib.yggdrasil.YggdrasilAuthenticationService.makeRequest(YggdrasilAuthenticationService.java:119) ~[authlib-4.0.43.jar%2375!/:?]
	at com.mojang.authlib.yggdrasil.YggdrasilAuthenticationService.makeRequest(YggdrasilAuthenticationService.java:91) ~[authlib-4.0.43.jar%2375!/:?]
	at com.mojang.authlib.yggdrasil.YggdrasilServicesKeyInfo.fetch(YggdrasilServicesKeyInfo.java:94) ~[authlib-4.0.43.jar%2375!/:?]
	at com.mojang.authlib.yggdrasil.YggdrasilServicesKeyInfo.lambda$get$1(YggdrasilServicesKeyInfo.java:81) ~[authlib-4.0.43.jar%2375!/:?]
	at java.util.concurrent.Executors$RunnableAdapter.call(Executors.java:572) ~[?:?]
	at java.util.concurrent.FutureTask.runAndReset(FutureTask.java:358) ~[?:?]
	at java.util.concurrent.ScheduledThreadPoolExecutor$ScheduledFutureTask.run(ScheduledThreadPoolExecutor.java:305) ~[?:?]
	at java.util.concurrent.ThreadPoolExecutor.runWorker(ThreadPoolExecutor.java:1144) ~[?:?]
	at java.util.concurrent.ThreadPoolExecutor$Worker.run(ThreadPoolExecutor.java:642) ~[?:?]
	at java.lang.Thread.run(Thread.java:1583) ~[?:?]
Caused by: java.net.SocketTimeoutException: Connect timed out
	at sun.nio.ch.NioSocketImpl.timedFinishConnect(NioSocketImpl.java:546) ~[?:?]
	at sun.nio.ch.NioSocketImpl.connect(NioSocketImpl.java:592) ~[?:?]
	at java.net.SocksSocketImpl.connect(SocksSocketImpl.java:327) ~[?:?]
	at java.net.Socket.connect(Socket.java:751) ~[?:?]
	at sun.security.ssl.SSLSocketImpl.connect(SSLSocketImpl.java:304) ~[?:?]
	at sun.net.NetworkClient.doConnect(NetworkClient.java:178) ~[?:?]
	at sun.net.www.http.HttpClient.openServer(HttpClient.java:531) ~[?:?]
	at sun.net.www.http.HttpClient.openServer(HttpClient.java:636) ~[?:?]
	at sun.net.www.protocol.https.HttpsClient.<init>(HttpsClient.java:264) ~[?:?]
	at sun.net.www.protocol.https.HttpsClient.New(HttpsClient.java:377) ~[?:?]
	at sun.net.www.protocol.https.AbstractDelegateHttpsURLConnection.getNewHttpClient(AbstractDelegateHttpsURLConnection.java:193) ~[?:?]
	at sun.net.www.protocol.http.HttpURLConnection.plainConnect0(HttpURLConnection.java:1282) ~[?:?]
	at sun.net.www.protocol.http.HttpURLConnection.plainConnect(HttpURLConnection.java:1123) ~[?:?]
	at sun.net.www.protocol.https.AbstractDelegateHttpsURLConnection.connect(AbstractDelegateHttpsURLConnection.java:179) ~[?:?]
	at sun.net.www.protocol.http.HttpURLConnection.getInputStream0(HttpURLConnection.java:1675) ~[?:?]
	at sun.net.www.protocol.http.HttpURLConnection.getInputStream(HttpURLConnection.java:1599) ~[?:?]
	at sun.net.www.protocol.https.HttpsURLConnectionImpl.getInputStream(HttpsURLConnectionImpl.java:223) ~[?:?]
	at com.mojang.authlib.HttpAuthenticationService.performGetRequest(HttpAuthenticationService.java:140) ~[authlib-4.0.43.jar%2375!/:?]
	at com.mojang.authlib.yggdrasil.YggdrasilAuthenticationService.makeRequest(YggdrasilAuthenticationService.java:96) ~[authlib-4.0.43.jar%2375!/:?]
	... 9 more
[14Oct2024 00:00:22.051] [Server thread/INFO] [net.minecraft.server.dedicated.DedicatedServer/]: Starting minecraft server version 1.20.1
[14Oct2024 00:00:22.051] [Server thread/INFO] [net.minecraft.server.dedicated.DedicatedServer/]: Loading properties
[14Oct2024 00:00:22.051] [Server thread/INFO] [net.minecraft.server.dedicated.DedicatedServer/]: Default game type: SURVIVAL
[14Oct2024 00:00:22.051] [Server thread/INFO] [net.minecraft.server.MinecraftServer/]: Generating keypair
[14Oct2024 00:00:22.271] [Server thread/INFO] [net.minecraft.server.dedicated.DedicatedServer/]: Starting Minecraft server on *:25565
[14Oct2024 00:00:22.363] [Server thread/INFO] [net.minecraft.server.network.ServerConnectionListener/]: Using epoll channel type
[14Oct2024 00:00:22.568] [Server thread/WARN] [net.minecraft.server.dedicated.DedicatedServer/]: **** SERVER IS RUNNING IN OFFLINE/INSECURE MODE!
[14Oct2024 00:00:22.569] [Server thread/WARN] [net.minecraft.server.dedicated.DedicatedServer/]: The server will make no attempt to authenticate usernames. Beware.
[14Oct2024 00:00:22.569] [Server thread/WARN] [net.minecraft.server.dedicated.DedicatedServer/]: While this makes the game possible to play without internet access, it also opens up the ability for hackers to connect with any username they choose.
[14Oct2024 00:00:22.570] [Server thread/WARN] [net.minecraft.server.dedicated.DedicatedServer/]: To change this, set "online-mode" to "true" in the server.properties file.
[14Oct2024 00:00:22.774] [Server thread/INFO] [net.minecraft.server.dedicated.DedicatedServer/]: Preparing level "world"
[14Oct2024 00:00:24.471] [Forge Version Check/WARN] [net.minecraftforge.fml.VersionChecker/]: Failed to process update information
java.net.http.HttpConnectTimeoutException: HTTP connect timed out
	at jdk.internal.net.http.HttpClientImpl.send(HttpClientImpl.java:945) ~[java.net.http:?]
	at jdk.internal.net.http.HttpClientFacade.send(HttpClientFacade.java:133) ~[java.net.http:?]
	at net.minecraftforge.fml.VersionChecker$1.openUrlString(VersionChecker.java:142) ~[fmlcore-1.20.1-47.3.11.jar%23140!/:?]
	at net.minecraftforge.fml.VersionChecker$1.process(VersionChecker.java:180) ~[fmlcore-1.20.1-47.3.11.jar%23140!/:?]
	at java.lang.Iterable.forEach(Iterable.java:75) ~[?:?]
	at net.minecraftforge.fml.VersionChecker$1.run(VersionChecker.java:117) ~[fmlcore-1.20.1-47.3.11.jar%23140!/:?]
Caused by: java.net.http.HttpConnectTimeoutException: HTTP connect timed out
	at jdk.internal.net.http.ResponseTimerEvent.handle(ResponseTimerEvent.java:68) ~[java.net.http:?]
	at jdk.internal.net.http.HttpClientImpl.purgeTimeoutsAndReturnNextDeadline(HttpClientImpl.java:1778) ~[java.net.http:?]
	at jdk.internal.net.http.HttpClientImpl$SelectorManager.run(HttpClientImpl.java:1376) ~[java.net.http:?]
Caused by: java.net.ConnectException: HTTP connect timed out
	at jdk.internal.net.http.ResponseTimerEvent.handle(ResponseTimerEvent.java:69) ~[java.net.http:?]
	at jdk.internal.net.http.HttpClientImpl.purgeTimeoutsAndReturnNextDeadline(HttpClientImpl.java:1778) ~[java.net.http:?]
	at jdk.internal.net.http.HttpClientImpl$SelectorManager.run(HttpClientImpl.java:1376) ~[java.net.http:?]
[14Oct2024 00:00:24.475] [Forge Version Check/INFO] [net.minecraftforge.fml.VersionChecker/]: [sliceanddice] Starting version check at https://api.modrinth.com/updates/slice-and-dice/forge_updates.json
[14Oct2024 00:00:26.565] [Server thread/INFO] [net.minecraft.server.MinecraftServer/]: Preparing start region for dimension minecraft:overworld
[14Oct2024 00:00:29.844] [Netty Epoll Server IO #2/INFO] [net.minecraftforge.server.ServerLifecycleHooks/SERVERHOOKS]: Disconnecting Player (server is still starting): literal{Server is still starting! Please wait before reconnecting.}
[14Oct2024 00:00:29.844] [Netty Epoll Server IO #1/INFO] [net.minecraftforge.server.ServerLifecycleHooks/SERVERHOOKS]: Disconnecting Player (server is still starting): literal{Server is still starting! Please wait before reconnecting.}
[14Oct2024 00:00:32.188] [Worker-Main-5/INFO] [net.minecraft.server.level.progress.LoggerChunkProgressListener/]: Preparing spawn area: 0%
[14Oct2024 00:00:32.341] [Worker-Main-4/INFO] [net.minecraft.server.level.progress.LoggerChunkProgressListener/]: Preparing spawn area: 0%
[14Oct2024 00:00:32.368] [Worker-Main-5/INFO] [net.minecraft.server.level.progress.LoggerChunkProgressListener/]: Preparing spawn area: 0%
[14Oct2024 00:00:32.406] [Worker-Main-8/INFO] [net.minecraft.server.level.progress.LoggerChunkProgressListener/]: Preparing spawn area: 0%
[14Oct2024 00:00:32.450] [Worker-Main-5/INFO] [net.minecraft.server.level.progress.LoggerChunkProgressListener/]: Preparing spawn area: 0%
[14Oct2024 00:00:32.495] [Worker-Main-2/INFO] [net.minecraft.server.level.progress.LoggerChunkProgressListener/]: Preparing spawn area: 0%
[14Oct2024 00:00:32.510] [Worker-Main-3/INFO] [net.minecraft.server.level.progress.LoggerChunkProgressListener/]: Preparing spawn area: 0%
[14Oct2024 00:00:32.527] [Worker-Main-7/INFO] [net.minecraft.server.level.progress.LoggerChunkProgressListener/]: Preparing spawn area: 0%
[14Oct2024 00:00:32.546] [Worker-Main-2/INFO] [net.minecraft.server.level.progress.LoggerChunkProgressListener/]: Preparing spawn area: 0%
[14Oct2024 00:00:32.552] [Worker-Main-4/INFO] [net.minecraft.server.level.progress.LoggerChunkProgressListener/]: Preparing spawn area: 0%
[14Oct2024 00:00:32.569] [Worker-Main-7/INFO] [net.minecraft.server.level.progress.LoggerChunkProgressListener/]: Preparing spawn area: 0%
[14Oct2024 00:00:32.615] [Worker-Main-5/INFO] [net.minecraft.server.level.progress.LoggerChunkProgressListener/]: Preparing spawn area: 0%
[14Oct2024 00:00:32.638] [Worker-Main-5/INFO] [net.minecraft.server.level.progress.LoggerChunkProgressListener/]: Preparing spawn area: 0%
[14Oct2024 00:00:33.095] [Worker-Main-3/INFO] [net.minecraft.server.level.progress.LoggerChunkProgressListener/]: Preparing spawn area: 0%
[14Oct2024 00:00:33.566] [Worker-Main-6/INFO] [net.minecraft.server.level.progress.LoggerChunkProgressListener/]: Preparing spawn area: 0%
[14Oct2024 00:00:34.066] [Worker-Main-5/INFO] [net.minecraft.server.level.progress.LoggerChunkProgressListener/]: Preparing spawn area: 0%
[14Oct2024 00:00:34.566] [Worker-Main-8/INFO] [net.minecraft.server.level.progress.LoggerChunkProgressListener/]: Preparing spawn area: 6%
[14Oct2024 00:00:35.066] [Worker-Main-2/INFO] [net.minecraft.server.level.progress.LoggerChunkProgressListener/]: Preparing spawn area: 52%
[14Oct2024 00:00:35.451] [Server thread/INFO] [net.minecraft.server.level.progress.LoggerChunkProgressListener/]: Time elapsed: 8886 ms
[14Oct2024 00:00:35.452] [Server thread/INFO] [net.minecraft.server.dedicated.DedicatedServer/]: Done (12.842s)! For help, type "help"
[14Oct2024 00:00:35.483] [LanServerPinger #1/WARN] [net.minecraft.client.server.LanServerPinger/]: LanServerPinger: Operation not permitted
[14Oct2024 00:00:35.520] [Server thread/INFO] [net.minecraftforge.server.permission.PermissionAPI/]: Successfully initialized permission handler forge:default_handler
[14Oct2024 00:00:39.480] [Forge Version Check/WARN] [net.minecraftforge.fml.VersionChecker/]: Failed to process update information
java.net.http.HttpConnectTimeoutException: HTTP connect timed out
	at jdk.internal.net.http.HttpClientImpl.send(HttpClientImpl.java:945) ~[java.net.http:?]
	at jdk.internal.net.http.HttpClientFacade.send(HttpClientFacade.java:133) ~[java.net.http:?]
	at net.minecraftforge.fml.VersionChecker$1.openUrlString(VersionChecker.java:142) ~[fmlcore-1.20.1-47.3.11.jar%23140!/:?]
	at net.minecraftforge.fml.VersionChecker$1.process(VersionChecker.java:180) ~[fmlcore-1.20.1-47.3.11.jar%23140!/:?]
	at java.lang.Iterable.forEach(Iterable.java:75) ~[?:?]
	at net.minecraftforge.fml.VersionChecker$1.run(VersionChecker.java:117) ~[fmlcore-1.20.1-47.3.11.jar%23140!/:?]
Caused by: java.net.http.HttpConnectTimeoutException: HTTP connect timed out
	at jdk.internal.net.http.ResponseTimerEvent.handle(ResponseTimerEvent.java:68) ~[java.net.http:?]
	at jdk.internal.net.http.HttpClientImpl.purgeTimeoutsAndReturnNextDeadline(HttpClientImpl.java:1778) ~[java.net.http:?]
	at jdk.internal.net.http.HttpClientImpl$SelectorManager.run(HttpClientImpl.java:1376) ~[java.net.http:?]
Caused by: java.net.ConnectException: HTTP connect timed out
	at jdk.internal.net.http.ResponseTimerEvent.handle(ResponseTimerEvent.java:69) ~[java.net.http:?]
	at jdk.internal.net.http.HttpClientImpl.purgeTimeoutsAndReturnNextDeadline(HttpClientImpl.java:1778) ~[java.net.http:?]
	at jdk.internal.net.http.HttpClientImpl$SelectorManager.run(HttpClientImpl.java:1376) ~[java.net.http:?]
[14Oct2024 00:01:11.394] [Server thread/INFO] [net.minecraft.server.players.PlayerList/]: tester[/127.0.0.1:52242] logged in with entity id 180 at (116.5453055797086, 69.0, -112.0748997944695)
[14Oct2024 00:01:11.554] [Server thread/INFO] [net.minecraft.server.MinecraftServer/]: tester joined the game
[14Oct2024 00:03:36.578] [Server thread/INFO] [net.minecraft.server.network.ServerGamePacketListenerImpl/]: tester lost connection: Disconnected
[14Oct2024 00:03:36.579] [Server thread/INFO] [net.minecraft.server.MinecraftServer/]: tester left the game
[14Oct2024 00:03:38.622] [Server thread/INFO] [net.minecraft.server.MinecraftServer/]: Stopping server
[14Oct2024 00:03:38.623] [Server thread/INFO] [net.minecraft.server.MinecraftServer/]: Saving players
[14Oct2024 00:03:38.623] [Server thread/INFO] [net.minecraft.server.MinecraftServer/]: Saving worlds
